[2024-04-20T06:02:54.033+0000] {processor.py:161} INFO - Started process (PID=183) to work on /opt/airflow/dags/reddit_api_dag.py
[2024-04-20T06:02:54.034+0000] {processor.py:830} INFO - Processing file /opt/airflow/dags/reddit_api_dag.py for tasks to queue
[2024-04-20T06:02:54.035+0000] {logging_mixin.py:188} INFO - [2024-04-20T06:02:54.035+0000] {dagbag.py:538} INFO - Filling up the DagBag from /opt/airflow/dags/reddit_api_dag.py
[2024-04-20T06:03:05.402+0000] {logging_mixin.py:188} INFO - [2024-04-20T06:03:05.402+0000] {warnings.py:109} WARNING - /opt/airflow/dags/reddit_api_dag.py:100: RemovedInAirflow3Warning: Param `schedule_interval` is deprecated and will be removed in a future release. Please use `schedule` instead. 
  with DAG(
[2024-04-20T06:03:05.411+0000] {processor.py:840} INFO - DAG(s) 'reddit_api_dag' retrieved from /opt/airflow/dags/reddit_api_dag.py
[2024-04-20T06:03:05.500+0000] {logging_mixin.py:188} INFO - [2024-04-20T06:03:05.500+0000] {dag.py:3033} INFO - Sync 1 DAGs
[2024-04-20T06:03:05.517+0000] {logging_mixin.py:188} INFO - [2024-04-20T06:03:05.517+0000] {dag.py:3820} INFO - Setting next_dagrun for reddit_api_dag to 2024-04-19T00:00:00+00:00, run_after=2024-04-20T00:00:00+00:00
[2024-04-20T06:03:05.539+0000] {processor.py:183} INFO - Processing /opt/airflow/dags/reddit_api_dag.py took 11.509 seconds
[2024-04-20T06:03:35.679+0000] {processor.py:161} INFO - Started process (PID=250) to work on /opt/airflow/dags/reddit_api_dag.py
[2024-04-20T06:03:35.680+0000] {processor.py:830} INFO - Processing file /opt/airflow/dags/reddit_api_dag.py for tasks to queue
[2024-04-20T06:03:35.681+0000] {logging_mixin.py:188} INFO - [2024-04-20T06:03:35.680+0000] {dagbag.py:538} INFO - Filling up the DagBag from /opt/airflow/dags/reddit_api_dag.py
[2024-04-20T06:03:38.227+0000] {logging_mixin.py:188} INFO - [2024-04-20T06:03:38.227+0000] {warnings.py:109} WARNING - /opt/airflow/dags/reddit_api_dag.py:100: RemovedInAirflow3Warning: Param `schedule_interval` is deprecated and will be removed in a future release. Please use `schedule` instead. 
  with DAG(
[2024-04-20T06:03:38.233+0000] {processor.py:840} INFO - DAG(s) 'reddit_api_dag' retrieved from /opt/airflow/dags/reddit_api_dag.py
[2024-04-20T06:03:38.245+0000] {logging_mixin.py:188} INFO - [2024-04-20T06:03:38.245+0000] {dag.py:3033} INFO - Sync 1 DAGs
[2024-04-20T06:03:38.261+0000] {logging_mixin.py:188} INFO - [2024-04-20T06:03:38.261+0000] {dag.py:3820} INFO - Setting next_dagrun for reddit_api_dag to 2024-04-20T00:00:00+00:00, run_after=2024-04-21T00:00:00+00:00
[2024-04-20T06:03:38.278+0000] {processor.py:183} INFO - Processing /opt/airflow/dags/reddit_api_dag.py took 2.601 seconds
[2024-04-20T06:04:08.357+0000] {processor.py:161} INFO - Started process (PID=297) to work on /opt/airflow/dags/reddit_api_dag.py
[2024-04-20T06:04:08.357+0000] {processor.py:830} INFO - Processing file /opt/airflow/dags/reddit_api_dag.py for tasks to queue
[2024-04-20T06:04:08.358+0000] {logging_mixin.py:188} INFO - [2024-04-20T06:04:08.358+0000] {dagbag.py:538} INFO - Filling up the DagBag from /opt/airflow/dags/reddit_api_dag.py
[2024-04-20T06:04:10.940+0000] {logging_mixin.py:188} INFO - [2024-04-20T06:04:10.939+0000] {warnings.py:109} WARNING - /opt/airflow/dags/reddit_api_dag.py:100: RemovedInAirflow3Warning: Param `schedule_interval` is deprecated and will be removed in a future release. Please use `schedule` instead. 
  with DAG(
[2024-04-20T06:04:10.947+0000] {processor.py:840} INFO - DAG(s) 'reddit_api_dag' retrieved from /opt/airflow/dags/reddit_api_dag.py
[2024-04-20T06:04:10.958+0000] {logging_mixin.py:188} INFO - [2024-04-20T06:04:10.958+0000] {dag.py:3033} INFO - Sync 1 DAGs
[2024-04-20T06:04:10.975+0000] {logging_mixin.py:188} INFO - [2024-04-20T06:04:10.975+0000] {dag.py:3820} INFO - Setting next_dagrun for reddit_api_dag to 2024-04-20T00:00:00+00:00, run_after=2024-04-21T00:00:00+00:00
[2024-04-20T06:04:10.993+0000] {processor.py:183} INFO - Processing /opt/airflow/dags/reddit_api_dag.py took 2.639 seconds
[2024-04-20T06:04:41.156+0000] {processor.py:161} INFO - Started process (PID=335) to work on /opt/airflow/dags/reddit_api_dag.py
[2024-04-20T06:04:41.156+0000] {processor.py:830} INFO - Processing file /opt/airflow/dags/reddit_api_dag.py for tasks to queue
[2024-04-20T06:04:41.157+0000] {logging_mixin.py:188} INFO - [2024-04-20T06:04:41.157+0000] {dagbag.py:538} INFO - Filling up the DagBag from /opt/airflow/dags/reddit_api_dag.py
[2024-04-20T06:04:44.140+0000] {logging_mixin.py:188} INFO - [2024-04-20T06:04:44.140+0000] {warnings.py:109} WARNING - /opt/airflow/dags/reddit_api_dag.py:100: RemovedInAirflow3Warning: Param `schedule_interval` is deprecated and will be removed in a future release. Please use `schedule` instead. 
  with DAG(
[2024-04-20T06:04:44.146+0000] {processor.py:840} INFO - DAG(s) 'reddit_api_dag' retrieved from /opt/airflow/dags/reddit_api_dag.py
[2024-04-20T06:04:44.157+0000] {logging_mixin.py:188} INFO - [2024-04-20T06:04:44.157+0000] {dag.py:3033} INFO - Sync 1 DAGs
[2024-04-20T06:04:44.176+0000] {logging_mixin.py:188} INFO - [2024-04-20T06:04:44.175+0000] {dag.py:3820} INFO - Setting next_dagrun for reddit_api_dag to 2024-04-20T00:00:00+00:00, run_after=2024-04-21T00:00:00+00:00
[2024-04-20T06:04:44.199+0000] {processor.py:183} INFO - Processing /opt/airflow/dags/reddit_api_dag.py took 3.046 seconds
[2024-04-20T06:05:14.777+0000] {processor.py:161} INFO - Started process (PID=382) to work on /opt/airflow/dags/reddit_api_dag.py
[2024-04-20T06:05:14.778+0000] {processor.py:830} INFO - Processing file /opt/airflow/dags/reddit_api_dag.py for tasks to queue
[2024-04-20T06:05:14.778+0000] {logging_mixin.py:188} INFO - [2024-04-20T06:05:14.778+0000] {dagbag.py:538} INFO - Filling up the DagBag from /opt/airflow/dags/reddit_api_dag.py
[2024-04-20T06:05:17.352+0000] {logging_mixin.py:188} INFO - [2024-04-20T06:05:17.352+0000] {warnings.py:109} WARNING - /opt/airflow/dags/reddit_api_dag.py:100: RemovedInAirflow3Warning: Param `schedule_interval` is deprecated and will be removed in a future release. Please use `schedule` instead. 
  with DAG(
[2024-04-20T06:05:17.358+0000] {processor.py:840} INFO - DAG(s) 'reddit_api_dag' retrieved from /opt/airflow/dags/reddit_api_dag.py
[2024-04-20T06:05:17.370+0000] {logging_mixin.py:188} INFO - [2024-04-20T06:05:17.370+0000] {dag.py:3033} INFO - Sync 1 DAGs
[2024-04-20T06:05:17.388+0000] {logging_mixin.py:188} INFO - [2024-04-20T06:05:17.388+0000] {dag.py:3820} INFO - Setting next_dagrun for reddit_api_dag to 2024-04-20T00:00:00+00:00, run_after=2024-04-21T00:00:00+00:00
[2024-04-20T06:05:17.408+0000] {processor.py:183} INFO - Processing /opt/airflow/dags/reddit_api_dag.py took 2.634 seconds
[2024-04-20T06:05:47.743+0000] {processor.py:161} INFO - Started process (PID=428) to work on /opt/airflow/dags/reddit_api_dag.py
[2024-04-20T06:05:47.744+0000] {processor.py:830} INFO - Processing file /opt/airflow/dags/reddit_api_dag.py for tasks to queue
[2024-04-20T06:05:47.744+0000] {logging_mixin.py:188} INFO - [2024-04-20T06:05:47.744+0000] {dagbag.py:538} INFO - Filling up the DagBag from /opt/airflow/dags/reddit_api_dag.py
[2024-04-20T06:05:50.275+0000] {logging_mixin.py:188} INFO - [2024-04-20T06:05:50.275+0000] {warnings.py:109} WARNING - /opt/airflow/dags/reddit_api_dag.py:100: RemovedInAirflow3Warning: Param `schedule_interval` is deprecated and will be removed in a future release. Please use `schedule` instead. 
  with DAG(
[2024-04-20T06:05:50.281+0000] {processor.py:840} INFO - DAG(s) 'reddit_api_dag' retrieved from /opt/airflow/dags/reddit_api_dag.py
[2024-04-20T06:05:50.292+0000] {logging_mixin.py:188} INFO - [2024-04-20T06:05:50.292+0000] {dag.py:3033} INFO - Sync 1 DAGs
[2024-04-20T06:05:50.308+0000] {logging_mixin.py:188} INFO - [2024-04-20T06:05:50.308+0000] {dag.py:3820} INFO - Setting next_dagrun for reddit_api_dag to 2024-04-20T00:00:00+00:00, run_after=2024-04-21T00:00:00+00:00
[2024-04-20T06:05:50.326+0000] {processor.py:183} INFO - Processing /opt/airflow/dags/reddit_api_dag.py took 2.586 seconds
[2024-04-20T06:06:20.778+0000] {processor.py:161} INFO - Started process (PID=466) to work on /opt/airflow/dags/reddit_api_dag.py
[2024-04-20T06:06:20.778+0000] {processor.py:830} INFO - Processing file /opt/airflow/dags/reddit_api_dag.py for tasks to queue
[2024-04-20T06:06:20.779+0000] {logging_mixin.py:188} INFO - [2024-04-20T06:06:20.779+0000] {dagbag.py:538} INFO - Filling up the DagBag from /opt/airflow/dags/reddit_api_dag.py
[2024-04-20T06:06:23.532+0000] {logging_mixin.py:188} INFO - [2024-04-20T06:06:23.531+0000] {warnings.py:109} WARNING - /opt/airflow/dags/reddit_api_dag.py:100: RemovedInAirflow3Warning: Param `schedule_interval` is deprecated and will be removed in a future release. Please use `schedule` instead. 
  with DAG(
[2024-04-20T06:06:23.541+0000] {processor.py:840} INFO - DAG(s) 'reddit_api_dag' retrieved from /opt/airflow/dags/reddit_api_dag.py
[2024-04-20T06:06:23.557+0000] {logging_mixin.py:188} INFO - [2024-04-20T06:06:23.557+0000] {dag.py:3033} INFO - Sync 1 DAGs
[2024-04-20T06:06:23.582+0000] {logging_mixin.py:188} INFO - [2024-04-20T06:06:23.582+0000] {dag.py:3820} INFO - Setting next_dagrun for reddit_api_dag to 2024-04-20T00:00:00+00:00, run_after=2024-04-21T00:00:00+00:00
[2024-04-20T06:06:23.607+0000] {processor.py:183} INFO - Processing /opt/airflow/dags/reddit_api_dag.py took 2.832 seconds
[2024-04-20T06:06:53.767+0000] {processor.py:161} INFO - Started process (PID=512) to work on /opt/airflow/dags/reddit_api_dag.py
[2024-04-20T06:06:53.767+0000] {processor.py:830} INFO - Processing file /opt/airflow/dags/reddit_api_dag.py for tasks to queue
[2024-04-20T06:06:53.768+0000] {logging_mixin.py:188} INFO - [2024-04-20T06:06:53.767+0000] {dagbag.py:538} INFO - Filling up the DagBag from /opt/airflow/dags/reddit_api_dag.py
[2024-04-20T06:06:56.375+0000] {logging_mixin.py:188} INFO - [2024-04-20T06:06:56.375+0000] {warnings.py:109} WARNING - /opt/airflow/dags/reddit_api_dag.py:100: RemovedInAirflow3Warning: Param `schedule_interval` is deprecated and will be removed in a future release. Please use `schedule` instead. 
  with DAG(
[2024-04-20T06:06:56.382+0000] {processor.py:840} INFO - DAG(s) 'reddit_api_dag' retrieved from /opt/airflow/dags/reddit_api_dag.py
[2024-04-20T06:06:56.392+0000] {logging_mixin.py:188} INFO - [2024-04-20T06:06:56.392+0000] {dag.py:3033} INFO - Sync 1 DAGs
[2024-04-20T06:06:56.417+0000] {logging_mixin.py:188} INFO - [2024-04-20T06:06:56.417+0000] {dag.py:3820} INFO - Setting next_dagrun for reddit_api_dag to 2024-04-20T00:00:00+00:00, run_after=2024-04-21T00:00:00+00:00
[2024-04-20T06:06:56.439+0000] {processor.py:183} INFO - Processing /opt/airflow/dags/reddit_api_dag.py took 2.675 seconds
[2024-04-20T06:07:26.797+0000] {processor.py:161} INFO - Started process (PID=559) to work on /opt/airflow/dags/reddit_api_dag.py
[2024-04-20T06:07:26.798+0000] {processor.py:830} INFO - Processing file /opt/airflow/dags/reddit_api_dag.py for tasks to queue
[2024-04-20T06:07:26.799+0000] {logging_mixin.py:188} INFO - [2024-04-20T06:07:26.798+0000] {dagbag.py:538} INFO - Filling up the DagBag from /opt/airflow/dags/reddit_api_dag.py
[2024-04-20T06:07:29.455+0000] {logging_mixin.py:188} INFO - [2024-04-20T06:07:29.455+0000] {warnings.py:109} WARNING - /opt/airflow/dags/reddit_api_dag.py:100: RemovedInAirflow3Warning: Param `schedule_interval` is deprecated and will be removed in a future release. Please use `schedule` instead. 
  with DAG(
[2024-04-20T06:07:29.461+0000] {processor.py:840} INFO - DAG(s) 'reddit_api_dag' retrieved from /opt/airflow/dags/reddit_api_dag.py
[2024-04-20T06:07:29.473+0000] {logging_mixin.py:188} INFO - [2024-04-20T06:07:29.473+0000] {dag.py:3033} INFO - Sync 1 DAGs
[2024-04-20T06:07:29.489+0000] {logging_mixin.py:188} INFO - [2024-04-20T06:07:29.489+0000] {dag.py:3820} INFO - Setting next_dagrun for reddit_api_dag to 2024-04-20T00:00:00+00:00, run_after=2024-04-21T00:00:00+00:00
[2024-04-20T06:07:29.506+0000] {processor.py:183} INFO - Processing /opt/airflow/dags/reddit_api_dag.py took 2.713 seconds
[2024-04-20T06:07:59.978+0000] {processor.py:161} INFO - Started process (PID=597) to work on /opt/airflow/dags/reddit_api_dag.py
[2024-04-20T06:07:59.979+0000] {processor.py:830} INFO - Processing file /opt/airflow/dags/reddit_api_dag.py for tasks to queue
[2024-04-20T06:07:59.980+0000] {logging_mixin.py:188} INFO - [2024-04-20T06:07:59.979+0000] {dagbag.py:538} INFO - Filling up the DagBag from /opt/airflow/dags/reddit_api_dag.py
[2024-04-20T06:08:02.636+0000] {logging_mixin.py:188} INFO - [2024-04-20T06:08:02.636+0000] {warnings.py:109} WARNING - /opt/airflow/dags/reddit_api_dag.py:100: RemovedInAirflow3Warning: Param `schedule_interval` is deprecated and will be removed in a future release. Please use `schedule` instead. 
  with DAG(
[2024-04-20T06:08:02.643+0000] {processor.py:840} INFO - DAG(s) 'reddit_api_dag' retrieved from /opt/airflow/dags/reddit_api_dag.py
[2024-04-20T06:08:02.657+0000] {logging_mixin.py:188} INFO - [2024-04-20T06:08:02.657+0000] {dag.py:3033} INFO - Sync 1 DAGs
[2024-04-20T06:08:02.678+0000] {logging_mixin.py:188} INFO - [2024-04-20T06:08:02.677+0000] {dag.py:3820} INFO - Setting next_dagrun for reddit_api_dag to 2024-04-20T00:00:00+00:00, run_after=2024-04-21T00:00:00+00:00
[2024-04-20T06:08:02.697+0000] {processor.py:183} INFO - Processing /opt/airflow/dags/reddit_api_dag.py took 2.721 seconds
[2024-04-20T06:08:32.858+0000] {processor.py:161} INFO - Started process (PID=649) to work on /opt/airflow/dags/reddit_api_dag.py
[2024-04-20T06:08:32.858+0000] {processor.py:830} INFO - Processing file /opt/airflow/dags/reddit_api_dag.py for tasks to queue
[2024-04-20T06:08:32.859+0000] {logging_mixin.py:188} INFO - [2024-04-20T06:08:32.859+0000] {dagbag.py:538} INFO - Filling up the DagBag from /opt/airflow/dags/reddit_api_dag.py
[2024-04-20T06:08:35.480+0000] {logging_mixin.py:188} INFO - [2024-04-20T06:08:35.479+0000] {warnings.py:109} WARNING - /opt/airflow/dags/reddit_api_dag.py:100: RemovedInAirflow3Warning: Param `schedule_interval` is deprecated and will be removed in a future release. Please use `schedule` instead. 
  with DAG(
[2024-04-20T06:08:35.485+0000] {processor.py:840} INFO - DAG(s) 'reddit_api_dag' retrieved from /opt/airflow/dags/reddit_api_dag.py
[2024-04-20T06:08:35.496+0000] {logging_mixin.py:188} INFO - [2024-04-20T06:08:35.496+0000] {dag.py:3033} INFO - Sync 1 DAGs
[2024-04-20T06:08:35.513+0000] {logging_mixin.py:188} INFO - [2024-04-20T06:08:35.513+0000] {dag.py:3820} INFO - Setting next_dagrun for reddit_api_dag to 2024-04-20T00:00:00+00:00, run_after=2024-04-21T00:00:00+00:00
[2024-04-20T06:08:35.530+0000] {processor.py:183} INFO - Processing /opt/airflow/dags/reddit_api_dag.py took 2.675 seconds
[2024-04-20T06:09:05.579+0000] {processor.py:161} INFO - Started process (PID=695) to work on /opt/airflow/dags/reddit_api_dag.py
[2024-04-20T06:09:05.580+0000] {processor.py:830} INFO - Processing file /opt/airflow/dags/reddit_api_dag.py for tasks to queue
[2024-04-20T06:09:05.580+0000] {logging_mixin.py:188} INFO - [2024-04-20T06:09:05.580+0000] {dagbag.py:538} INFO - Filling up the DagBag from /opt/airflow/dags/reddit_api_dag.py
[2024-04-20T06:09:08.236+0000] {logging_mixin.py:188} INFO - [2024-04-20T06:09:08.236+0000] {warnings.py:109} WARNING - /opt/airflow/dags/reddit_api_dag.py:100: RemovedInAirflow3Warning: Param `schedule_interval` is deprecated and will be removed in a future release. Please use `schedule` instead. 
  with DAG(
[2024-04-20T06:09:08.243+0000] {processor.py:840} INFO - DAG(s) 'reddit_api_dag' retrieved from /opt/airflow/dags/reddit_api_dag.py
[2024-04-20T06:09:08.253+0000] {logging_mixin.py:188} INFO - [2024-04-20T06:09:08.253+0000] {dag.py:3033} INFO - Sync 1 DAGs
[2024-04-20T06:09:08.270+0000] {logging_mixin.py:188} INFO - [2024-04-20T06:09:08.270+0000] {dag.py:3820} INFO - Setting next_dagrun for reddit_api_dag to 2024-04-20T00:00:00+00:00, run_after=2024-04-21T00:00:00+00:00
[2024-04-20T06:09:08.292+0000] {processor.py:183} INFO - Processing /opt/airflow/dags/reddit_api_dag.py took 2.716 seconds
[2024-04-20T06:09:38.442+0000] {processor.py:161} INFO - Started process (PID=733) to work on /opt/airflow/dags/reddit_api_dag.py
[2024-04-20T06:09:38.442+0000] {processor.py:830} INFO - Processing file /opt/airflow/dags/reddit_api_dag.py for tasks to queue
[2024-04-20T06:09:38.443+0000] {logging_mixin.py:188} INFO - [2024-04-20T06:09:38.443+0000] {dagbag.py:538} INFO - Filling up the DagBag from /opt/airflow/dags/reddit_api_dag.py
[2024-04-20T06:09:41.001+0000] {logging_mixin.py:188} INFO - [2024-04-20T06:09:41.001+0000] {warnings.py:109} WARNING - /opt/airflow/dags/reddit_api_dag.py:100: RemovedInAirflow3Warning: Param `schedule_interval` is deprecated and will be removed in a future release. Please use `schedule` instead. 
  with DAG(
[2024-04-20T06:09:41.008+0000] {processor.py:840} INFO - DAG(s) 'reddit_api_dag' retrieved from /opt/airflow/dags/reddit_api_dag.py
[2024-04-20T06:09:41.018+0000] {logging_mixin.py:188} INFO - [2024-04-20T06:09:41.018+0000] {dag.py:3033} INFO - Sync 1 DAGs
[2024-04-20T06:09:41.034+0000] {logging_mixin.py:188} INFO - [2024-04-20T06:09:41.034+0000] {dag.py:3820} INFO - Setting next_dagrun for reddit_api_dag to 2024-04-20T00:00:00+00:00, run_after=2024-04-21T00:00:00+00:00
[2024-04-20T06:09:41.054+0000] {processor.py:183} INFO - Processing /opt/airflow/dags/reddit_api_dag.py took 2.615 seconds
[2024-04-20T06:10:11.091+0000] {processor.py:161} INFO - Started process (PID=779) to work on /opt/airflow/dags/reddit_api_dag.py
[2024-04-20T06:10:11.092+0000] {processor.py:830} INFO - Processing file /opt/airflow/dags/reddit_api_dag.py for tasks to queue
[2024-04-20T06:10:11.092+0000] {logging_mixin.py:188} INFO - [2024-04-20T06:10:11.092+0000] {dagbag.py:538} INFO - Filling up the DagBag from /opt/airflow/dags/reddit_api_dag.py
[2024-04-20T06:10:13.851+0000] {logging_mixin.py:188} INFO - [2024-04-20T06:10:13.851+0000] {warnings.py:109} WARNING - /opt/airflow/dags/reddit_api_dag.py:100: RemovedInAirflow3Warning: Param `schedule_interval` is deprecated and will be removed in a future release. Please use `schedule` instead. 
  with DAG(
[2024-04-20T06:10:13.857+0000] {processor.py:840} INFO - DAG(s) 'reddit_api_dag' retrieved from /opt/airflow/dags/reddit_api_dag.py
[2024-04-20T06:10:13.867+0000] {logging_mixin.py:188} INFO - [2024-04-20T06:10:13.867+0000] {dag.py:3033} INFO - Sync 1 DAGs
[2024-04-20T06:10:13.885+0000] {logging_mixin.py:188} INFO - [2024-04-20T06:10:13.884+0000] {dag.py:3820} INFO - Setting next_dagrun for reddit_api_dag to 2024-04-20T00:00:00+00:00, run_after=2024-04-21T00:00:00+00:00
[2024-04-20T06:10:13.902+0000] {processor.py:183} INFO - Processing /opt/airflow/dags/reddit_api_dag.py took 2.814 seconds
[2024-04-20T06:10:44.031+0000] {processor.py:161} INFO - Started process (PID=840) to work on /opt/airflow/dags/reddit_api_dag.py
[2024-04-20T06:10:44.032+0000] {processor.py:830} INFO - Processing file /opt/airflow/dags/reddit_api_dag.py for tasks to queue
[2024-04-20T06:10:44.033+0000] {logging_mixin.py:188} INFO - [2024-04-20T06:10:44.032+0000] {dagbag.py:538} INFO - Filling up the DagBag from /opt/airflow/dags/reddit_api_dag.py
[2024-04-20T06:10:46.843+0000] {logging_mixin.py:188} INFO - [2024-04-20T06:10:46.843+0000] {warnings.py:109} WARNING - /opt/airflow/dags/reddit_api_dag.py:100: RemovedInAirflow3Warning: Param `schedule_interval` is deprecated and will be removed in a future release. Please use `schedule` instead. 
  with DAG(
[2024-04-20T06:10:46.852+0000] {processor.py:840} INFO - DAG(s) 'reddit_api_dag' retrieved from /opt/airflow/dags/reddit_api_dag.py
[2024-04-20T06:10:46.868+0000] {logging_mixin.py:188} INFO - [2024-04-20T06:10:46.868+0000] {dag.py:3033} INFO - Sync 1 DAGs
[2024-04-20T06:10:46.892+0000] {logging_mixin.py:188} INFO - [2024-04-20T06:10:46.892+0000] {dag.py:3820} INFO - Setting next_dagrun for reddit_api_dag to 2024-04-20T00:00:00+00:00, run_after=2024-04-21T00:00:00+00:00
[2024-04-20T06:10:46.915+0000] {processor.py:183} INFO - Processing /opt/airflow/dags/reddit_api_dag.py took 2.887 seconds
[2024-04-20T06:12:07.430+0000] {processor.py:161} INFO - Started process (PID=185) to work on /opt/airflow/dags/reddit_api_dag.py
[2024-04-20T06:12:07.431+0000] {processor.py:830} INFO - Processing file /opt/airflow/dags/reddit_api_dag.py for tasks to queue
[2024-04-20T06:12:07.432+0000] {logging_mixin.py:188} INFO - [2024-04-20T06:12:07.432+0000] {dagbag.py:538} INFO - Filling up the DagBag from /opt/airflow/dags/reddit_api_dag.py
[2024-04-20T06:12:11.649+0000] {logging_mixin.py:188} INFO - [2024-04-20T06:12:11.649+0000] {warnings.py:109} WARNING - /opt/airflow/dags/reddit_api_dag.py:100: RemovedInAirflow3Warning: Param `schedule_interval` is deprecated and will be removed in a future release. Please use `schedule` instead. 
  with DAG(
[2024-04-20T06:12:11.656+0000] {processor.py:840} INFO - DAG(s) 'reddit_api_dag' retrieved from /opt/airflow/dags/reddit_api_dag.py
[2024-04-20T06:12:11.747+0000] {logging_mixin.py:188} INFO - [2024-04-20T06:12:11.747+0000] {dag.py:3033} INFO - Sync 1 DAGs
[2024-04-20T06:12:11.765+0000] {logging_mixin.py:188} INFO - [2024-04-20T06:12:11.764+0000] {dag.py:3820} INFO - Setting next_dagrun for reddit_api_dag to 2024-04-20T00:00:00+00:00, run_after=2024-04-21T00:00:00+00:00
[2024-04-20T06:12:11.784+0000] {processor.py:183} INFO - Processing /opt/airflow/dags/reddit_api_dag.py took 4.357 seconds
[2024-04-20T06:12:41.846+0000] {processor.py:161} INFO - Started process (PID=225) to work on /opt/airflow/dags/reddit_api_dag.py
[2024-04-20T06:12:41.846+0000] {processor.py:830} INFO - Processing file /opt/airflow/dags/reddit_api_dag.py for tasks to queue
[2024-04-20T06:12:41.847+0000] {logging_mixin.py:188} INFO - [2024-04-20T06:12:41.847+0000] {dagbag.py:538} INFO - Filling up the DagBag from /opt/airflow/dags/reddit_api_dag.py
[2024-04-20T06:12:44.619+0000] {logging_mixin.py:188} INFO - [2024-04-20T06:12:44.619+0000] {warnings.py:109} WARNING - /opt/airflow/dags/reddit_api_dag.py:100: RemovedInAirflow3Warning: Param `schedule_interval` is deprecated and will be removed in a future release. Please use `schedule` instead. 
  with DAG(
[2024-04-20T06:12:44.629+0000] {processor.py:840} INFO - DAG(s) 'reddit_api_dag' retrieved from /opt/airflow/dags/reddit_api_dag.py
[2024-04-20T06:12:44.646+0000] {logging_mixin.py:188} INFO - [2024-04-20T06:12:44.646+0000] {dag.py:3033} INFO - Sync 1 DAGs
[2024-04-20T06:12:44.668+0000] {logging_mixin.py:188} INFO - [2024-04-20T06:12:44.668+0000] {dag.py:3820} INFO - Setting next_dagrun for reddit_api_dag to 2024-04-20T00:00:00+00:00, run_after=2024-04-21T00:00:00+00:00
[2024-04-20T06:12:44.686+0000] {processor.py:183} INFO - Processing /opt/airflow/dags/reddit_api_dag.py took 2.843 seconds
[2024-04-20T06:13:14.951+0000] {processor.py:161} INFO - Started process (PID=273) to work on /opt/airflow/dags/reddit_api_dag.py
[2024-04-20T06:13:14.952+0000] {processor.py:830} INFO - Processing file /opt/airflow/dags/reddit_api_dag.py for tasks to queue
[2024-04-20T06:13:14.952+0000] {logging_mixin.py:188} INFO - [2024-04-20T06:13:14.952+0000] {dagbag.py:538} INFO - Filling up the DagBag from /opt/airflow/dags/reddit_api_dag.py
[2024-04-20T06:13:17.479+0000] {logging_mixin.py:188} INFO - [2024-04-20T06:13:17.479+0000] {warnings.py:109} WARNING - /opt/airflow/dags/reddit_api_dag.py:100: RemovedInAirflow3Warning: Param `schedule_interval` is deprecated and will be removed in a future release. Please use `schedule` instead. 
  with DAG(
[2024-04-20T06:13:17.485+0000] {processor.py:840} INFO - DAG(s) 'reddit_api_dag' retrieved from /opt/airflow/dags/reddit_api_dag.py
[2024-04-20T06:13:17.497+0000] {logging_mixin.py:188} INFO - [2024-04-20T06:13:17.497+0000] {dag.py:3033} INFO - Sync 1 DAGs
[2024-04-20T06:13:17.514+0000] {logging_mixin.py:188} INFO - [2024-04-20T06:13:17.514+0000] {dag.py:3820} INFO - Setting next_dagrun for reddit_api_dag to 2024-04-20T00:00:00+00:00, run_after=2024-04-21T00:00:00+00:00
[2024-04-20T06:13:17.531+0000] {processor.py:183} INFO - Processing /opt/airflow/dags/reddit_api_dag.py took 2.582 seconds
[2024-04-20T06:13:47.967+0000] {processor.py:161} INFO - Started process (PID=320) to work on /opt/airflow/dags/reddit_api_dag.py
[2024-04-20T06:13:47.968+0000] {processor.py:830} INFO - Processing file /opt/airflow/dags/reddit_api_dag.py for tasks to queue
[2024-04-20T06:13:47.968+0000] {logging_mixin.py:188} INFO - [2024-04-20T06:13:47.968+0000] {dagbag.py:538} INFO - Filling up the DagBag from /opt/airflow/dags/reddit_api_dag.py
[2024-04-20T06:13:50.538+0000] {logging_mixin.py:188} INFO - [2024-04-20T06:13:50.537+0000] {warnings.py:109} WARNING - /opt/airflow/dags/reddit_api_dag.py:100: RemovedInAirflow3Warning: Param `schedule_interval` is deprecated and will be removed in a future release. Please use `schedule` instead. 
  with DAG(
[2024-04-20T06:13:50.544+0000] {processor.py:840} INFO - DAG(s) 'reddit_api_dag' retrieved from /opt/airflow/dags/reddit_api_dag.py
[2024-04-20T06:13:50.555+0000] {logging_mixin.py:188} INFO - [2024-04-20T06:13:50.555+0000] {dag.py:3033} INFO - Sync 1 DAGs
[2024-04-20T06:13:50.572+0000] {logging_mixin.py:188} INFO - [2024-04-20T06:13:50.572+0000] {dag.py:3820} INFO - Setting next_dagrun for reddit_api_dag to 2024-04-20T00:00:00+00:00, run_after=2024-04-21T00:00:00+00:00
[2024-04-20T06:13:50.591+0000] {processor.py:183} INFO - Processing /opt/airflow/dags/reddit_api_dag.py took 2.626 seconds
[2024-04-20T06:14:21.118+0000] {processor.py:161} INFO - Started process (PID=358) to work on /opt/airflow/dags/reddit_api_dag.py
[2024-04-20T06:14:21.118+0000] {processor.py:830} INFO - Processing file /opt/airflow/dags/reddit_api_dag.py for tasks to queue
[2024-04-20T06:14:21.119+0000] {logging_mixin.py:188} INFO - [2024-04-20T06:14:21.119+0000] {dagbag.py:538} INFO - Filling up the DagBag from /opt/airflow/dags/reddit_api_dag.py
[2024-04-20T06:14:23.756+0000] {logging_mixin.py:188} INFO - [2024-04-20T06:14:23.755+0000] {warnings.py:109} WARNING - /opt/airflow/dags/reddit_api_dag.py:100: RemovedInAirflow3Warning: Param `schedule_interval` is deprecated and will be removed in a future release. Please use `schedule` instead. 
  with DAG(
[2024-04-20T06:14:23.765+0000] {processor.py:840} INFO - DAG(s) 'reddit_api_dag' retrieved from /opt/airflow/dags/reddit_api_dag.py
[2024-04-20T06:14:23.779+0000] {logging_mixin.py:188} INFO - [2024-04-20T06:14:23.779+0000] {dag.py:3033} INFO - Sync 1 DAGs
[2024-04-20T06:14:23.798+0000] {logging_mixin.py:188} INFO - [2024-04-20T06:14:23.798+0000] {dag.py:3820} INFO - Setting next_dagrun for reddit_api_dag to 2024-04-20T00:00:00+00:00, run_after=2024-04-21T00:00:00+00:00
[2024-04-20T06:14:23.823+0000] {processor.py:183} INFO - Processing /opt/airflow/dags/reddit_api_dag.py took 2.708 seconds
[2024-04-20T06:14:54.076+0000] {processor.py:161} INFO - Started process (PID=409) to work on /opt/airflow/dags/reddit_api_dag.py
[2024-04-20T06:14:54.077+0000] {processor.py:830} INFO - Processing file /opt/airflow/dags/reddit_api_dag.py for tasks to queue
[2024-04-20T06:14:54.077+0000] {logging_mixin.py:188} INFO - [2024-04-20T06:14:54.077+0000] {dagbag.py:538} INFO - Filling up the DagBag from /opt/airflow/dags/reddit_api_dag.py
[2024-04-20T06:14:56.758+0000] {logging_mixin.py:188} INFO - [2024-04-20T06:14:56.758+0000] {warnings.py:109} WARNING - /opt/airflow/dags/reddit_api_dag.py:100: RemovedInAirflow3Warning: Param `schedule_interval` is deprecated and will be removed in a future release. Please use `schedule` instead. 
  with DAG(
[2024-04-20T06:14:56.764+0000] {processor.py:840} INFO - DAG(s) 'reddit_api_dag' retrieved from /opt/airflow/dags/reddit_api_dag.py
[2024-04-20T06:14:56.778+0000] {logging_mixin.py:188} INFO - [2024-04-20T06:14:56.778+0000] {dag.py:3033} INFO - Sync 1 DAGs
[2024-04-20T06:14:56.796+0000] {logging_mixin.py:188} INFO - [2024-04-20T06:14:56.796+0000] {dag.py:3820} INFO - Setting next_dagrun for reddit_api_dag to 2024-04-20T00:00:00+00:00, run_after=2024-04-21T00:00:00+00:00
[2024-04-20T06:14:56.813+0000] {processor.py:183} INFO - Processing /opt/airflow/dags/reddit_api_dag.py took 2.741 seconds
[2024-04-20T06:15:27.429+0000] {processor.py:161} INFO - Started process (PID=465) to work on /opt/airflow/dags/reddit_api_dag.py
[2024-04-20T06:15:27.430+0000] {processor.py:830} INFO - Processing file /opt/airflow/dags/reddit_api_dag.py for tasks to queue
[2024-04-20T06:15:27.430+0000] {logging_mixin.py:188} INFO - [2024-04-20T06:15:27.430+0000] {dagbag.py:538} INFO - Filling up the DagBag from /opt/airflow/dags/reddit_api_dag.py
[2024-04-20T06:15:29.992+0000] {logging_mixin.py:188} INFO - [2024-04-20T06:15:29.992+0000] {warnings.py:109} WARNING - /opt/airflow/dags/reddit_api_dag.py:100: RemovedInAirflow3Warning: Param `schedule_interval` is deprecated and will be removed in a future release. Please use `schedule` instead. 
  with DAG(
[2024-04-20T06:15:29.998+0000] {processor.py:840} INFO - DAG(s) 'reddit_api_dag' retrieved from /opt/airflow/dags/reddit_api_dag.py
[2024-04-20T06:15:30.009+0000] {logging_mixin.py:188} INFO - [2024-04-20T06:15:30.009+0000] {dag.py:3033} INFO - Sync 1 DAGs
[2024-04-20T06:15:30.025+0000] {logging_mixin.py:188} INFO - [2024-04-20T06:15:30.025+0000] {dag.py:3820} INFO - Setting next_dagrun for reddit_api_dag to 2024-04-20T00:00:00+00:00, run_after=2024-04-21T00:00:00+00:00
[2024-04-20T06:15:30.046+0000] {processor.py:183} INFO - Processing /opt/airflow/dags/reddit_api_dag.py took 2.619 seconds
[2024-04-20T06:16:00.485+0000] {processor.py:161} INFO - Started process (PID=503) to work on /opt/airflow/dags/reddit_api_dag.py
[2024-04-20T06:16:00.485+0000] {processor.py:830} INFO - Processing file /opt/airflow/dags/reddit_api_dag.py for tasks to queue
[2024-04-20T06:16:00.486+0000] {logging_mixin.py:188} INFO - [2024-04-20T06:16:00.486+0000] {dagbag.py:538} INFO - Filling up the DagBag from /opt/airflow/dags/reddit_api_dag.py
[2024-04-20T06:16:03.086+0000] {logging_mixin.py:188} INFO - [2024-04-20T06:16:03.086+0000] {warnings.py:109} WARNING - /opt/airflow/dags/reddit_api_dag.py:100: RemovedInAirflow3Warning: Param `schedule_interval` is deprecated and will be removed in a future release. Please use `schedule` instead. 
  with DAG(
[2024-04-20T06:16:03.096+0000] {processor.py:840} INFO - DAG(s) 'reddit_api_dag' retrieved from /opt/airflow/dags/reddit_api_dag.py
[2024-04-20T06:16:03.112+0000] {logging_mixin.py:188} INFO - [2024-04-20T06:16:03.112+0000] {dag.py:3033} INFO - Sync 1 DAGs
[2024-04-20T06:16:03.139+0000] {logging_mixin.py:188} INFO - [2024-04-20T06:16:03.139+0000] {dag.py:3820} INFO - Setting next_dagrun for reddit_api_dag to 2024-04-20T00:00:00+00:00, run_after=2024-04-21T00:00:00+00:00
[2024-04-20T06:16:03.160+0000] {processor.py:183} INFO - Processing /opt/airflow/dags/reddit_api_dag.py took 2.678 seconds
[2024-04-20T06:16:33.314+0000] {processor.py:161} INFO - Started process (PID=549) to work on /opt/airflow/dags/reddit_api_dag.py
[2024-04-20T06:16:33.315+0000] {processor.py:830} INFO - Processing file /opt/airflow/dags/reddit_api_dag.py for tasks to queue
[2024-04-20T06:16:33.315+0000] {logging_mixin.py:188} INFO - [2024-04-20T06:16:33.315+0000] {dagbag.py:538} INFO - Filling up the DagBag from /opt/airflow/dags/reddit_api_dag.py
[2024-04-20T06:16:35.948+0000] {logging_mixin.py:188} INFO - [2024-04-20T06:16:35.947+0000] {warnings.py:109} WARNING - /opt/airflow/dags/reddit_api_dag.py:100: RemovedInAirflow3Warning: Param `schedule_interval` is deprecated and will be removed in a future release. Please use `schedule` instead. 
  with DAG(
[2024-04-20T06:16:35.954+0000] {processor.py:840} INFO - DAG(s) 'reddit_api_dag' retrieved from /opt/airflow/dags/reddit_api_dag.py
[2024-04-20T06:16:35.965+0000] {logging_mixin.py:188} INFO - [2024-04-20T06:16:35.965+0000] {dag.py:3033} INFO - Sync 1 DAGs
[2024-04-20T06:16:35.987+0000] {logging_mixin.py:188} INFO - [2024-04-20T06:16:35.987+0000] {dag.py:3820} INFO - Setting next_dagrun for reddit_api_dag to 2024-04-20T00:00:00+00:00, run_after=2024-04-21T00:00:00+00:00
[2024-04-20T06:16:36.008+0000] {processor.py:183} INFO - Processing /opt/airflow/dags/reddit_api_dag.py took 2.697 seconds
[2024-04-20T06:17:06.156+0000] {processor.py:161} INFO - Started process (PID=595) to work on /opt/airflow/dags/reddit_api_dag.py
[2024-04-20T06:17:06.157+0000] {processor.py:830} INFO - Processing file /opt/airflow/dags/reddit_api_dag.py for tasks to queue
[2024-04-20T06:17:06.157+0000] {logging_mixin.py:188} INFO - [2024-04-20T06:17:06.157+0000] {dagbag.py:538} INFO - Filling up the DagBag from /opt/airflow/dags/reddit_api_dag.py
[2024-04-20T06:17:08.926+0000] {logging_mixin.py:188} INFO - [2024-04-20T06:17:08.926+0000] {warnings.py:109} WARNING - /opt/airflow/dags/reddit_api_dag.py:100: RemovedInAirflow3Warning: Param `schedule_interval` is deprecated and will be removed in a future release. Please use `schedule` instead. 
  with DAG(
[2024-04-20T06:17:08.932+0000] {processor.py:840} INFO - DAG(s) 'reddit_api_dag' retrieved from /opt/airflow/dags/reddit_api_dag.py
[2024-04-20T06:17:08.943+0000] {logging_mixin.py:188} INFO - [2024-04-20T06:17:08.943+0000] {dag.py:3033} INFO - Sync 1 DAGs
[2024-04-20T06:17:08.960+0000] {logging_mixin.py:188} INFO - [2024-04-20T06:17:08.960+0000] {dag.py:3820} INFO - Setting next_dagrun for reddit_api_dag to 2024-04-20T00:00:00+00:00, run_after=2024-04-21T00:00:00+00:00
[2024-04-20T06:17:08.978+0000] {processor.py:183} INFO - Processing /opt/airflow/dags/reddit_api_dag.py took 2.825 seconds
[2024-04-20T06:17:39.137+0000] {processor.py:161} INFO - Started process (PID=634) to work on /opt/airflow/dags/reddit_api_dag.py
[2024-04-20T06:17:39.138+0000] {processor.py:830} INFO - Processing file /opt/airflow/dags/reddit_api_dag.py for tasks to queue
[2024-04-20T06:17:39.138+0000] {logging_mixin.py:188} INFO - [2024-04-20T06:17:39.138+0000] {dagbag.py:538} INFO - Filling up the DagBag from /opt/airflow/dags/reddit_api_dag.py
[2024-04-20T06:17:41.782+0000] {logging_mixin.py:188} INFO - [2024-04-20T06:17:41.782+0000] {warnings.py:109} WARNING - /opt/airflow/dags/reddit_api_dag.py:100: RemovedInAirflow3Warning: Param `schedule_interval` is deprecated and will be removed in a future release. Please use `schedule` instead. 
  with DAG(
[2024-04-20T06:17:41.788+0000] {processor.py:840} INFO - DAG(s) 'reddit_api_dag' retrieved from /opt/airflow/dags/reddit_api_dag.py
[2024-04-20T06:17:41.799+0000] {logging_mixin.py:188} INFO - [2024-04-20T06:17:41.799+0000] {dag.py:3033} INFO - Sync 1 DAGs
[2024-04-20T06:17:41.815+0000] {logging_mixin.py:188} INFO - [2024-04-20T06:17:41.815+0000] {dag.py:3820} INFO - Setting next_dagrun for reddit_api_dag to 2024-04-20T00:00:00+00:00, run_after=2024-04-21T00:00:00+00:00
[2024-04-20T06:17:41.833+0000] {processor.py:183} INFO - Processing /opt/airflow/dags/reddit_api_dag.py took 2.699 seconds
[2024-04-20T06:18:12.169+0000] {processor.py:161} INFO - Started process (PID=680) to work on /opt/airflow/dags/reddit_api_dag.py
[2024-04-20T06:18:12.169+0000] {processor.py:830} INFO - Processing file /opt/airflow/dags/reddit_api_dag.py for tasks to queue
[2024-04-20T06:18:12.170+0000] {logging_mixin.py:188} INFO - [2024-04-20T06:18:12.170+0000] {dagbag.py:538} INFO - Filling up the DagBag from /opt/airflow/dags/reddit_api_dag.py
[2024-04-20T06:18:14.803+0000] {logging_mixin.py:188} INFO - [2024-04-20T06:18:14.803+0000] {warnings.py:109} WARNING - /opt/airflow/dags/reddit_api_dag.py:100: RemovedInAirflow3Warning: Param `schedule_interval` is deprecated and will be removed in a future release. Please use `schedule` instead. 
  with DAG(
[2024-04-20T06:18:14.810+0000] {processor.py:840} INFO - DAG(s) 'reddit_api_dag' retrieved from /opt/airflow/dags/reddit_api_dag.py
[2024-04-20T06:18:14.821+0000] {logging_mixin.py:188} INFO - [2024-04-20T06:18:14.821+0000] {dag.py:3033} INFO - Sync 1 DAGs
[2024-04-20T06:18:14.838+0000] {logging_mixin.py:188} INFO - [2024-04-20T06:18:14.838+0000] {dag.py:3820} INFO - Setting next_dagrun for reddit_api_dag to 2024-04-20T00:00:00+00:00, run_after=2024-04-21T00:00:00+00:00
[2024-04-20T06:18:14.856+0000] {processor.py:183} INFO - Processing /opt/airflow/dags/reddit_api_dag.py took 2.690 seconds
[2024-04-20T06:18:45.016+0000] {processor.py:161} INFO - Started process (PID=718) to work on /opt/airflow/dags/reddit_api_dag.py
[2024-04-20T06:18:45.017+0000] {processor.py:830} INFO - Processing file /opt/airflow/dags/reddit_api_dag.py for tasks to queue
[2024-04-20T06:18:45.018+0000] {logging_mixin.py:188} INFO - [2024-04-20T06:18:45.018+0000] {dagbag.py:538} INFO - Filling up the DagBag from /opt/airflow/dags/reddit_api_dag.py
[2024-04-20T06:18:47.873+0000] {logging_mixin.py:188} INFO - [2024-04-20T06:18:47.873+0000] {warnings.py:109} WARNING - /opt/airflow/dags/reddit_api_dag.py:100: RemovedInAirflow3Warning: Param `schedule_interval` is deprecated and will be removed in a future release. Please use `schedule` instead. 
  with DAG(
[2024-04-20T06:18:47.879+0000] {processor.py:840} INFO - DAG(s) 'reddit_api_dag' retrieved from /opt/airflow/dags/reddit_api_dag.py
[2024-04-20T06:18:47.890+0000] {logging_mixin.py:188} INFO - [2024-04-20T06:18:47.890+0000] {dag.py:3033} INFO - Sync 1 DAGs
[2024-04-20T06:18:47.907+0000] {logging_mixin.py:188} INFO - [2024-04-20T06:18:47.907+0000] {dag.py:3820} INFO - Setting next_dagrun for reddit_api_dag to 2024-04-20T00:00:00+00:00, run_after=2024-04-21T00:00:00+00:00
[2024-04-20T06:18:47.924+0000] {processor.py:183} INFO - Processing /opt/airflow/dags/reddit_api_dag.py took 2.911 seconds
[2024-04-20T06:19:18.067+0000] {processor.py:161} INFO - Started process (PID=767) to work on /opt/airflow/dags/reddit_api_dag.py
[2024-04-20T06:19:18.068+0000] {processor.py:830} INFO - Processing file /opt/airflow/dags/reddit_api_dag.py for tasks to queue
[2024-04-20T06:19:18.069+0000] {logging_mixin.py:188} INFO - [2024-04-20T06:19:18.069+0000] {dagbag.py:538} INFO - Filling up the DagBag from /opt/airflow/dags/reddit_api_dag.py
[2024-04-20T06:19:20.697+0000] {logging_mixin.py:188} INFO - [2024-04-20T06:19:20.696+0000] {warnings.py:109} WARNING - /opt/airflow/dags/reddit_api_dag.py:100: RemovedInAirflow3Warning: Param `schedule_interval` is deprecated and will be removed in a future release. Please use `schedule` instead. 
  with DAG(
[2024-04-20T06:19:20.703+0000] {processor.py:840} INFO - DAG(s) 'reddit_api_dag' retrieved from /opt/airflow/dags/reddit_api_dag.py
[2024-04-20T06:19:20.715+0000] {logging_mixin.py:188} INFO - [2024-04-20T06:19:20.714+0000] {dag.py:3033} INFO - Sync 1 DAGs
[2024-04-20T06:19:20.734+0000] {logging_mixin.py:188} INFO - [2024-04-20T06:19:20.733+0000] {dag.py:3820} INFO - Setting next_dagrun for reddit_api_dag to 2024-04-20T00:00:00+00:00, run_after=2024-04-21T00:00:00+00:00
[2024-04-20T06:19:20.755+0000] {processor.py:183} INFO - Processing /opt/airflow/dags/reddit_api_dag.py took 2.691 seconds
[2024-04-20T06:19:50.951+0000] {processor.py:161} INFO - Started process (PID=815) to work on /opt/airflow/dags/reddit_api_dag.py
[2024-04-20T06:19:50.952+0000] {processor.py:830} INFO - Processing file /opt/airflow/dags/reddit_api_dag.py for tasks to queue
[2024-04-20T06:19:50.952+0000] {logging_mixin.py:188} INFO - [2024-04-20T06:19:50.952+0000] {dagbag.py:538} INFO - Filling up the DagBag from /opt/airflow/dags/reddit_api_dag.py
[2024-04-20T06:19:53.610+0000] {logging_mixin.py:188} INFO - [2024-04-20T06:19:53.610+0000] {warnings.py:109} WARNING - /opt/airflow/dags/reddit_api_dag.py:100: RemovedInAirflow3Warning: Param `schedule_interval` is deprecated and will be removed in a future release. Please use `schedule` instead. 
  with DAG(
[2024-04-20T06:19:53.616+0000] {processor.py:840} INFO - DAG(s) 'reddit_api_dag' retrieved from /opt/airflow/dags/reddit_api_dag.py
[2024-04-20T06:19:53.627+0000] {logging_mixin.py:188} INFO - [2024-04-20T06:19:53.627+0000] {dag.py:3033} INFO - Sync 1 DAGs
[2024-04-20T06:19:53.643+0000] {logging_mixin.py:188} INFO - [2024-04-20T06:19:53.643+0000] {dag.py:3820} INFO - Setting next_dagrun for reddit_api_dag to 2024-04-20T00:00:00+00:00, run_after=2024-04-21T00:00:00+00:00
[2024-04-20T06:19:53.662+0000] {processor.py:183} INFO - Processing /opt/airflow/dags/reddit_api_dag.py took 2.714 seconds
[2024-04-20T06:20:23.794+0000] {processor.py:161} INFO - Started process (PID=853) to work on /opt/airflow/dags/reddit_api_dag.py
[2024-04-20T06:20:23.794+0000] {processor.py:830} INFO - Processing file /opt/airflow/dags/reddit_api_dag.py for tasks to queue
[2024-04-20T06:20:23.795+0000] {logging_mixin.py:188} INFO - [2024-04-20T06:20:23.795+0000] {dagbag.py:538} INFO - Filling up the DagBag from /opt/airflow/dags/reddit_api_dag.py
[2024-04-20T06:20:26.508+0000] {logging_mixin.py:188} INFO - [2024-04-20T06:20:26.508+0000] {warnings.py:109} WARNING - /opt/airflow/dags/reddit_api_dag.py:100: RemovedInAirflow3Warning: Param `schedule_interval` is deprecated and will be removed in a future release. Please use `schedule` instead. 
  with DAG(
[2024-04-20T06:20:26.515+0000] {processor.py:840} INFO - DAG(s) 'reddit_api_dag' retrieved from /opt/airflow/dags/reddit_api_dag.py
[2024-04-20T06:20:26.526+0000] {logging_mixin.py:188} INFO - [2024-04-20T06:20:26.526+0000] {dag.py:3033} INFO - Sync 1 DAGs
[2024-04-20T06:20:26.543+0000] {logging_mixin.py:188} INFO - [2024-04-20T06:20:26.543+0000] {dag.py:3820} INFO - Setting next_dagrun for reddit_api_dag to 2024-04-20T00:00:00+00:00, run_after=2024-04-21T00:00:00+00:00
[2024-04-20T06:20:26.561+0000] {processor.py:183} INFO - Processing /opt/airflow/dags/reddit_api_dag.py took 2.770 seconds
[2024-04-20T06:20:57.028+0000] {processor.py:161} INFO - Started process (PID=899) to work on /opt/airflow/dags/reddit_api_dag.py
[2024-04-20T06:20:57.029+0000] {processor.py:830} INFO - Processing file /opt/airflow/dags/reddit_api_dag.py for tasks to queue
[2024-04-20T06:20:57.030+0000] {logging_mixin.py:188} INFO - [2024-04-20T06:20:57.029+0000] {dagbag.py:538} INFO - Filling up the DagBag from /opt/airflow/dags/reddit_api_dag.py
[2024-04-20T06:20:59.773+0000] {logging_mixin.py:188} INFO - [2024-04-20T06:20:59.773+0000] {warnings.py:109} WARNING - /opt/airflow/dags/reddit_api_dag.py:100: RemovedInAirflow3Warning: Param `schedule_interval` is deprecated and will be removed in a future release. Please use `schedule` instead. 
  with DAG(
[2024-04-20T06:20:59.779+0000] {processor.py:840} INFO - DAG(s) 'reddit_api_dag' retrieved from /opt/airflow/dags/reddit_api_dag.py
[2024-04-20T06:20:59.790+0000] {logging_mixin.py:188} INFO - [2024-04-20T06:20:59.790+0000] {dag.py:3033} INFO - Sync 1 DAGs
[2024-04-20T06:20:59.807+0000] {logging_mixin.py:188} INFO - [2024-04-20T06:20:59.807+0000] {dag.py:3820} INFO - Setting next_dagrun for reddit_api_dag to 2024-04-20T00:00:00+00:00, run_after=2024-04-21T00:00:00+00:00
[2024-04-20T06:20:59.824+0000] {processor.py:183} INFO - Processing /opt/airflow/dags/reddit_api_dag.py took 2.799 seconds
[2024-04-20T06:21:30.194+0000] {processor.py:161} INFO - Started process (PID=953) to work on /opt/airflow/dags/reddit_api_dag.py
[2024-04-20T06:21:30.195+0000] {processor.py:830} INFO - Processing file /opt/airflow/dags/reddit_api_dag.py for tasks to queue
[2024-04-20T06:21:30.196+0000] {logging_mixin.py:188} INFO - [2024-04-20T06:21:30.195+0000] {dagbag.py:538} INFO - Filling up the DagBag from /opt/airflow/dags/reddit_api_dag.py
[2024-04-20T06:21:32.764+0000] {logging_mixin.py:188} INFO - [2024-04-20T06:21:32.763+0000] {warnings.py:109} WARNING - /opt/airflow/dags/reddit_api_dag.py:100: RemovedInAirflow3Warning: Param `schedule_interval` is deprecated and will be removed in a future release. Please use `schedule` instead. 
  with DAG(
[2024-04-20T06:21:32.770+0000] {processor.py:840} INFO - DAG(s) 'reddit_api_dag' retrieved from /opt/airflow/dags/reddit_api_dag.py
[2024-04-20T06:21:32.781+0000] {logging_mixin.py:188} INFO - [2024-04-20T06:21:32.781+0000] {dag.py:3033} INFO - Sync 1 DAGs
[2024-04-20T06:21:32.801+0000] {logging_mixin.py:188} INFO - [2024-04-20T06:21:32.801+0000] {dag.py:3820} INFO - Setting next_dagrun for reddit_api_dag to 2024-04-20T00:00:00+00:00, run_after=2024-04-21T00:00:00+00:00
[2024-04-20T06:21:32.821+0000] {processor.py:183} INFO - Processing /opt/airflow/dags/reddit_api_dag.py took 2.632 seconds
[2024-04-20T06:22:02.924+0000] {processor.py:161} INFO - Started process (PID=991) to work on /opt/airflow/dags/reddit_api_dag.py
[2024-04-20T06:22:02.924+0000] {processor.py:830} INFO - Processing file /opt/airflow/dags/reddit_api_dag.py for tasks to queue
[2024-04-20T06:22:02.925+0000] {logging_mixin.py:188} INFO - [2024-04-20T06:22:02.925+0000] {dagbag.py:538} INFO - Filling up the DagBag from /opt/airflow/dags/reddit_api_dag.py
[2024-04-20T06:22:05.531+0000] {logging_mixin.py:188} INFO - [2024-04-20T06:22:05.531+0000] {warnings.py:109} WARNING - /opt/airflow/dags/reddit_api_dag.py:100: RemovedInAirflow3Warning: Param `schedule_interval` is deprecated and will be removed in a future release. Please use `schedule` instead. 
  with DAG(
[2024-04-20T06:22:05.538+0000] {processor.py:840} INFO - DAG(s) 'reddit_api_dag' retrieved from /opt/airflow/dags/reddit_api_dag.py
[2024-04-20T06:22:05.550+0000] {logging_mixin.py:188} INFO - [2024-04-20T06:22:05.550+0000] {dag.py:3033} INFO - Sync 1 DAGs
[2024-04-20T06:22:05.567+0000] {logging_mixin.py:188} INFO - [2024-04-20T06:22:05.567+0000] {dag.py:3820} INFO - Setting next_dagrun for reddit_api_dag to 2024-04-20T00:00:00+00:00, run_after=2024-04-21T00:00:00+00:00
[2024-04-20T06:22:05.584+0000] {processor.py:183} INFO - Processing /opt/airflow/dags/reddit_api_dag.py took 2.663 seconds
[2024-04-20T06:22:35.745+0000] {processor.py:161} INFO - Started process (PID=1037) to work on /opt/airflow/dags/reddit_api_dag.py
[2024-04-20T06:22:35.746+0000] {processor.py:830} INFO - Processing file /opt/airflow/dags/reddit_api_dag.py for tasks to queue
[2024-04-20T06:22:35.746+0000] {logging_mixin.py:188} INFO - [2024-04-20T06:22:35.746+0000] {dagbag.py:538} INFO - Filling up the DagBag from /opt/airflow/dags/reddit_api_dag.py
[2024-04-20T06:22:38.328+0000] {logging_mixin.py:188} INFO - [2024-04-20T06:22:38.328+0000] {warnings.py:109} WARNING - /opt/airflow/dags/reddit_api_dag.py:100: RemovedInAirflow3Warning: Param `schedule_interval` is deprecated and will be removed in a future release. Please use `schedule` instead. 
  with DAG(
[2024-04-20T06:22:38.334+0000] {processor.py:840} INFO - DAG(s) 'reddit_api_dag' retrieved from /opt/airflow/dags/reddit_api_dag.py
[2024-04-20T06:22:38.345+0000] {logging_mixin.py:188} INFO - [2024-04-20T06:22:38.345+0000] {dag.py:3033} INFO - Sync 1 DAGs
[2024-04-20T06:22:38.364+0000] {logging_mixin.py:188} INFO - [2024-04-20T06:22:38.364+0000] {dag.py:3820} INFO - Setting next_dagrun for reddit_api_dag to 2024-04-20T00:00:00+00:00, run_after=2024-04-21T00:00:00+00:00
[2024-04-20T06:22:38.386+0000] {processor.py:183} INFO - Processing /opt/airflow/dags/reddit_api_dag.py took 2.643 seconds
[2024-04-20T06:23:08.785+0000] {processor.py:161} INFO - Started process (PID=1083) to work on /opt/airflow/dags/reddit_api_dag.py
[2024-04-20T06:23:08.786+0000] {processor.py:830} INFO - Processing file /opt/airflow/dags/reddit_api_dag.py for tasks to queue
[2024-04-20T06:23:08.787+0000] {logging_mixin.py:188} INFO - [2024-04-20T06:23:08.787+0000] {dagbag.py:538} INFO - Filling up the DagBag from /opt/airflow/dags/reddit_api_dag.py
[2024-04-20T06:23:11.530+0000] {logging_mixin.py:188} INFO - [2024-04-20T06:23:11.530+0000] {warnings.py:109} WARNING - /opt/airflow/dags/reddit_api_dag.py:100: RemovedInAirflow3Warning: Param `schedule_interval` is deprecated and will be removed in a future release. Please use `schedule` instead. 
  with DAG(
[2024-04-20T06:23:11.537+0000] {processor.py:840} INFO - DAG(s) 'reddit_api_dag' retrieved from /opt/airflow/dags/reddit_api_dag.py
[2024-04-20T06:23:11.548+0000] {logging_mixin.py:188} INFO - [2024-04-20T06:23:11.548+0000] {dag.py:3033} INFO - Sync 1 DAGs
[2024-04-20T06:23:11.566+0000] {logging_mixin.py:188} INFO - [2024-04-20T06:23:11.566+0000] {dag.py:3820} INFO - Setting next_dagrun for reddit_api_dag to 2024-04-20T00:00:00+00:00, run_after=2024-04-21T00:00:00+00:00
[2024-04-20T06:23:11.586+0000] {processor.py:183} INFO - Processing /opt/airflow/dags/reddit_api_dag.py took 2.804 seconds
[2024-04-20T06:23:42.090+0000] {processor.py:161} INFO - Started process (PID=1121) to work on /opt/airflow/dags/reddit_api_dag.py
[2024-04-20T06:23:42.091+0000] {processor.py:830} INFO - Processing file /opt/airflow/dags/reddit_api_dag.py for tasks to queue
[2024-04-20T06:23:42.091+0000] {logging_mixin.py:188} INFO - [2024-04-20T06:23:42.091+0000] {dagbag.py:538} INFO - Filling up the DagBag from /opt/airflow/dags/reddit_api_dag.py
[2024-04-20T06:23:44.710+0000] {logging_mixin.py:188} INFO - [2024-04-20T06:23:44.710+0000] {warnings.py:109} WARNING - /opt/airflow/dags/reddit_api_dag.py:100: RemovedInAirflow3Warning: Param `schedule_interval` is deprecated and will be removed in a future release. Please use `schedule` instead. 
  with DAG(
[2024-04-20T06:23:44.720+0000] {processor.py:840} INFO - DAG(s) 'reddit_api_dag' retrieved from /opt/airflow/dags/reddit_api_dag.py
[2024-04-20T06:23:44.734+0000] {logging_mixin.py:188} INFO - [2024-04-20T06:23:44.734+0000] {dag.py:3033} INFO - Sync 1 DAGs
[2024-04-20T06:23:44.752+0000] {logging_mixin.py:188} INFO - [2024-04-20T06:23:44.752+0000] {dag.py:3820} INFO - Setting next_dagrun for reddit_api_dag to 2024-04-20T00:00:00+00:00, run_after=2024-04-21T00:00:00+00:00
[2024-04-20T06:23:44.769+0000] {processor.py:183} INFO - Processing /opt/airflow/dags/reddit_api_dag.py took 2.682 seconds
[2024-04-20T06:24:15.184+0000] {processor.py:161} INFO - Started process (PID=1167) to work on /opt/airflow/dags/reddit_api_dag.py
[2024-04-20T06:24:15.185+0000] {processor.py:830} INFO - Processing file /opt/airflow/dags/reddit_api_dag.py for tasks to queue
[2024-04-20T06:24:15.185+0000] {logging_mixin.py:188} INFO - [2024-04-20T06:24:15.185+0000] {dagbag.py:538} INFO - Filling up the DagBag from /opt/airflow/dags/reddit_api_dag.py
[2024-04-20T06:24:17.802+0000] {logging_mixin.py:188} INFO - [2024-04-20T06:24:17.802+0000] {warnings.py:109} WARNING - /opt/airflow/dags/reddit_api_dag.py:100: RemovedInAirflow3Warning: Param `schedule_interval` is deprecated and will be removed in a future release. Please use `schedule` instead. 
  with DAG(
[2024-04-20T06:24:17.808+0000] {processor.py:840} INFO - DAG(s) 'reddit_api_dag' retrieved from /opt/airflow/dags/reddit_api_dag.py
[2024-04-20T06:24:17.819+0000] {logging_mixin.py:188} INFO - [2024-04-20T06:24:17.819+0000] {dag.py:3033} INFO - Sync 1 DAGs
[2024-04-20T06:24:17.836+0000] {logging_mixin.py:188} INFO - [2024-04-20T06:24:17.836+0000] {dag.py:3820} INFO - Setting next_dagrun for reddit_api_dag to 2024-04-20T00:00:00+00:00, run_after=2024-04-21T00:00:00+00:00
[2024-04-20T06:24:17.854+0000] {processor.py:183} INFO - Processing /opt/airflow/dags/reddit_api_dag.py took 2.672 seconds
[2024-04-20T06:24:47.947+0000] {processor.py:161} INFO - Started process (PID=1213) to work on /opt/airflow/dags/reddit_api_dag.py
[2024-04-20T06:24:47.948+0000] {processor.py:830} INFO - Processing file /opt/airflow/dags/reddit_api_dag.py for tasks to queue
[2024-04-20T06:24:47.949+0000] {logging_mixin.py:188} INFO - [2024-04-20T06:24:47.949+0000] {dagbag.py:538} INFO - Filling up the DagBag from /opt/airflow/dags/reddit_api_dag.py
[2024-04-20T06:24:50.678+0000] {logging_mixin.py:188} INFO - [2024-04-20T06:24:50.678+0000] {warnings.py:109} WARNING - /opt/airflow/dags/reddit_api_dag.py:100: RemovedInAirflow3Warning: Param `schedule_interval` is deprecated and will be removed in a future release. Please use `schedule` instead. 
  with DAG(
[2024-04-20T06:24:50.684+0000] {processor.py:840} INFO - DAG(s) 'reddit_api_dag' retrieved from /opt/airflow/dags/reddit_api_dag.py
[2024-04-20T06:24:50.699+0000] {logging_mixin.py:188} INFO - [2024-04-20T06:24:50.698+0000] {dag.py:3033} INFO - Sync 1 DAGs
[2024-04-20T06:24:50.718+0000] {logging_mixin.py:188} INFO - [2024-04-20T06:24:50.718+0000] {dag.py:3820} INFO - Setting next_dagrun for reddit_api_dag to 2024-04-20T00:00:00+00:00, run_after=2024-04-21T00:00:00+00:00
[2024-04-20T06:24:50.736+0000] {processor.py:183} INFO - Processing /opt/airflow/dags/reddit_api_dag.py took 2.791 seconds
[2024-04-20T06:25:21.003+0000] {processor.py:161} INFO - Started process (PID=1251) to work on /opt/airflow/dags/reddit_api_dag.py
[2024-04-20T06:25:21.004+0000] {processor.py:830} INFO - Processing file /opt/airflow/dags/reddit_api_dag.py for tasks to queue
[2024-04-20T06:25:21.004+0000] {logging_mixin.py:188} INFO - [2024-04-20T06:25:21.004+0000] {dagbag.py:538} INFO - Filling up the DagBag from /opt/airflow/dags/reddit_api_dag.py
[2024-04-20T06:25:23.706+0000] {logging_mixin.py:188} INFO - [2024-04-20T06:25:23.706+0000] {warnings.py:109} WARNING - /opt/airflow/dags/reddit_api_dag.py:100: RemovedInAirflow3Warning: Param `schedule_interval` is deprecated and will be removed in a future release. Please use `schedule` instead. 
  with DAG(
[2024-04-20T06:25:23.712+0000] {processor.py:840} INFO - DAG(s) 'reddit_api_dag' retrieved from /opt/airflow/dags/reddit_api_dag.py
[2024-04-20T06:25:23.723+0000] {logging_mixin.py:188} INFO - [2024-04-20T06:25:23.723+0000] {dag.py:3033} INFO - Sync 1 DAGs
[2024-04-20T06:25:23.740+0000] {logging_mixin.py:188} INFO - [2024-04-20T06:25:23.740+0000] {dag.py:3820} INFO - Setting next_dagrun for reddit_api_dag to 2024-04-20T00:00:00+00:00, run_after=2024-04-21T00:00:00+00:00
[2024-04-20T06:25:23.759+0000] {processor.py:183} INFO - Processing /opt/airflow/dags/reddit_api_dag.py took 2.759 seconds
[2024-04-20T06:25:53.816+0000] {processor.py:161} INFO - Started process (PID=1297) to work on /opt/airflow/dags/reddit_api_dag.py
[2024-04-20T06:25:53.817+0000] {processor.py:830} INFO - Processing file /opt/airflow/dags/reddit_api_dag.py for tasks to queue
[2024-04-20T06:25:53.817+0000] {logging_mixin.py:188} INFO - [2024-04-20T06:25:53.817+0000] {dagbag.py:538} INFO - Filling up the DagBag from /opt/airflow/dags/reddit_api_dag.py
[2024-04-20T06:25:56.420+0000] {logging_mixin.py:188} INFO - [2024-04-20T06:25:56.420+0000] {warnings.py:109} WARNING - /opt/airflow/dags/reddit_api_dag.py:100: RemovedInAirflow3Warning: Param `schedule_interval` is deprecated and will be removed in a future release. Please use `schedule` instead. 
  with DAG(
[2024-04-20T06:25:56.428+0000] {processor.py:840} INFO - DAG(s) 'reddit_api_dag' retrieved from /opt/airflow/dags/reddit_api_dag.py
[2024-04-20T06:25:56.439+0000] {logging_mixin.py:188} INFO - [2024-04-20T06:25:56.439+0000] {dag.py:3033} INFO - Sync 1 DAGs
[2024-04-20T06:25:56.455+0000] {logging_mixin.py:188} INFO - [2024-04-20T06:25:56.455+0000] {dag.py:3820} INFO - Setting next_dagrun for reddit_api_dag to 2024-04-20T00:00:00+00:00, run_after=2024-04-21T00:00:00+00:00
[2024-04-20T06:25:56.474+0000] {processor.py:183} INFO - Processing /opt/airflow/dags/reddit_api_dag.py took 2.661 seconds
[2024-04-20T06:26:45.786+0000] {processor.py:161} INFO - Started process (PID=184) to work on /opt/airflow/dags/reddit_api_dag.py
[2024-04-20T06:26:45.787+0000] {processor.py:830} INFO - Processing file /opt/airflow/dags/reddit_api_dag.py for tasks to queue
[2024-04-20T06:26:45.788+0000] {logging_mixin.py:188} INFO - [2024-04-20T06:26:45.788+0000] {dagbag.py:538} INFO - Filling up the DagBag from /opt/airflow/dags/reddit_api_dag.py
[2024-04-20T06:26:50.132+0000] {logging_mixin.py:188} INFO - [2024-04-20T06:26:50.132+0000] {warnings.py:109} WARNING - /opt/airflow/dags/reddit_api_dag.py:100: RemovedInAirflow3Warning: Param `schedule_interval` is deprecated and will be removed in a future release. Please use `schedule` instead. 
  with DAG(
[2024-04-20T06:26:50.138+0000] {processor.py:840} INFO - DAG(s) 'reddit_api_dag' retrieved from /opt/airflow/dags/reddit_api_dag.py
[2024-04-20T06:26:50.232+0000] {logging_mixin.py:188} INFO - [2024-04-20T06:26:50.232+0000] {dag.py:3033} INFO - Sync 1 DAGs
[2024-04-20T06:26:50.256+0000] {logging_mixin.py:188} INFO - [2024-04-20T06:26:50.255+0000] {dag.py:3820} INFO - Setting next_dagrun for reddit_api_dag to 2024-04-20T00:00:00+00:00, run_after=2024-04-21T00:00:00+00:00
[2024-04-20T06:26:50.277+0000] {processor.py:183} INFO - Processing /opt/airflow/dags/reddit_api_dag.py took 4.495 seconds
[2024-04-20T06:27:20.352+0000] {processor.py:161} INFO - Started process (PID=225) to work on /opt/airflow/dags/reddit_api_dag.py
[2024-04-20T06:27:20.352+0000] {processor.py:830} INFO - Processing file /opt/airflow/dags/reddit_api_dag.py for tasks to queue
[2024-04-20T06:27:20.353+0000] {logging_mixin.py:188} INFO - [2024-04-20T06:27:20.352+0000] {dagbag.py:538} INFO - Filling up the DagBag from /opt/airflow/dags/reddit_api_dag.py
[2024-04-20T06:27:23.054+0000] {logging_mixin.py:188} INFO - [2024-04-20T06:27:23.054+0000] {warnings.py:109} WARNING - /opt/airflow/dags/reddit_api_dag.py:100: RemovedInAirflow3Warning: Param `schedule_interval` is deprecated and will be removed in a future release. Please use `schedule` instead. 
  with DAG(
[2024-04-20T06:27:23.061+0000] {processor.py:840} INFO - DAG(s) 'reddit_api_dag' retrieved from /opt/airflow/dags/reddit_api_dag.py
[2024-04-20T06:27:23.073+0000] {logging_mixin.py:188} INFO - [2024-04-20T06:27:23.072+0000] {dag.py:3033} INFO - Sync 1 DAGs
[2024-04-20T06:27:23.091+0000] {logging_mixin.py:188} INFO - [2024-04-20T06:27:23.090+0000] {dag.py:3820} INFO - Setting next_dagrun for reddit_api_dag to 2024-04-20T00:00:00+00:00, run_after=2024-04-21T00:00:00+00:00
[2024-04-20T06:27:23.108+0000] {processor.py:183} INFO - Processing /opt/airflow/dags/reddit_api_dag.py took 2.759 seconds
[2024-04-20T06:27:53.266+0000] {processor.py:161} INFO - Started process (PID=272) to work on /opt/airflow/dags/reddit_api_dag.py
[2024-04-20T06:27:53.267+0000] {processor.py:830} INFO - Processing file /opt/airflow/dags/reddit_api_dag.py for tasks to queue
[2024-04-20T06:27:53.267+0000] {logging_mixin.py:188} INFO - [2024-04-20T06:27:53.267+0000] {dagbag.py:538} INFO - Filling up the DagBag from /opt/airflow/dags/reddit_api_dag.py
[2024-04-20T06:27:55.919+0000] {logging_mixin.py:188} INFO - [2024-04-20T06:27:55.918+0000] {warnings.py:109} WARNING - /opt/airflow/dags/reddit_api_dag.py:100: RemovedInAirflow3Warning: Param `schedule_interval` is deprecated and will be removed in a future release. Please use `schedule` instead. 
  with DAG(
[2024-04-20T06:27:55.927+0000] {processor.py:840} INFO - DAG(s) 'reddit_api_dag' retrieved from /opt/airflow/dags/reddit_api_dag.py
[2024-04-20T06:27:55.939+0000] {logging_mixin.py:188} INFO - [2024-04-20T06:27:55.939+0000] {dag.py:3033} INFO - Sync 1 DAGs
[2024-04-20T06:27:55.956+0000] {logging_mixin.py:188} INFO - [2024-04-20T06:27:55.955+0000] {dag.py:3820} INFO - Setting next_dagrun for reddit_api_dag to 2024-04-20T00:00:00+00:00, run_after=2024-04-21T00:00:00+00:00
[2024-04-20T06:27:55.973+0000] {processor.py:183} INFO - Processing /opt/airflow/dags/reddit_api_dag.py took 2.709 seconds
[2024-04-20T06:28:26.517+0000] {processor.py:161} INFO - Started process (PID=319) to work on /opt/airflow/dags/reddit_api_dag.py
[2024-04-20T06:28:26.517+0000] {processor.py:830} INFO - Processing file /opt/airflow/dags/reddit_api_dag.py for tasks to queue
[2024-04-20T06:28:26.518+0000] {logging_mixin.py:188} INFO - [2024-04-20T06:28:26.518+0000] {dagbag.py:538} INFO - Filling up the DagBag from /opt/airflow/dags/reddit_api_dag.py
[2024-04-20T06:28:29.120+0000] {logging_mixin.py:188} INFO - [2024-04-20T06:28:29.120+0000] {warnings.py:109} WARNING - /opt/airflow/dags/reddit_api_dag.py:100: RemovedInAirflow3Warning: Param `schedule_interval` is deprecated and will be removed in a future release. Please use `schedule` instead. 
  with DAG(
[2024-04-20T06:28:29.129+0000] {processor.py:840} INFO - DAG(s) 'reddit_api_dag' retrieved from /opt/airflow/dags/reddit_api_dag.py
[2024-04-20T06:28:29.141+0000] {logging_mixin.py:188} INFO - [2024-04-20T06:28:29.141+0000] {dag.py:3033} INFO - Sync 1 DAGs
[2024-04-20T06:28:29.158+0000] {logging_mixin.py:188} INFO - [2024-04-20T06:28:29.158+0000] {dag.py:3820} INFO - Setting next_dagrun for reddit_api_dag to 2024-04-20T00:00:00+00:00, run_after=2024-04-21T00:00:00+00:00
[2024-04-20T06:28:29.175+0000] {processor.py:183} INFO - Processing /opt/airflow/dags/reddit_api_dag.py took 2.661 seconds
[2024-04-20T06:28:59.546+0000] {processor.py:161} INFO - Started process (PID=358) to work on /opt/airflow/dags/reddit_api_dag.py
[2024-04-20T06:28:59.546+0000] {processor.py:830} INFO - Processing file /opt/airflow/dags/reddit_api_dag.py for tasks to queue
[2024-04-20T06:28:59.547+0000] {logging_mixin.py:188} INFO - [2024-04-20T06:28:59.547+0000] {dagbag.py:538} INFO - Filling up the DagBag from /opt/airflow/dags/reddit_api_dag.py
[2024-04-20T06:29:48.175+0000] {processor.py:161} INFO - Started process (PID=185) to work on /opt/airflow/dags/reddit_api_dag.py
[2024-04-20T06:29:48.176+0000] {processor.py:830} INFO - Processing file /opt/airflow/dags/reddit_api_dag.py for tasks to queue
[2024-04-20T06:29:48.177+0000] {logging_mixin.py:188} INFO - [2024-04-20T06:29:48.177+0000] {dagbag.py:538} INFO - Filling up the DagBag from /opt/airflow/dags/reddit_api_dag.py
[2024-04-20T06:29:52.472+0000] {logging_mixin.py:188} INFO - [2024-04-20T06:29:52.471+0000] {warnings.py:109} WARNING - /opt/airflow/dags/reddit_api_dag.py:100: RemovedInAirflow3Warning: Param `schedule_interval` is deprecated and will be removed in a future release. Please use `schedule` instead. 
  with DAG(
[2024-04-20T06:29:52.480+0000] {processor.py:840} INFO - DAG(s) 'reddit_api_dag' retrieved from /opt/airflow/dags/reddit_api_dag.py
[2024-04-20T06:29:52.562+0000] {logging_mixin.py:188} INFO - [2024-04-20T06:29:52.562+0000] {dag.py:3033} INFO - Sync 1 DAGs
[2024-04-20T06:29:52.579+0000] {logging_mixin.py:188} INFO - [2024-04-20T06:29:52.578+0000] {dag.py:3820} INFO - Setting next_dagrun for reddit_api_dag to 2024-04-20T00:00:00+00:00, run_after=2024-04-21T00:00:00+00:00
[2024-04-20T06:29:52.604+0000] {processor.py:183} INFO - Processing /opt/airflow/dags/reddit_api_dag.py took 4.432 seconds
[2024-04-20T06:30:22.725+0000] {processor.py:161} INFO - Started process (PID=225) to work on /opt/airflow/dags/reddit_api_dag.py
[2024-04-20T06:30:22.726+0000] {processor.py:830} INFO - Processing file /opt/airflow/dags/reddit_api_dag.py for tasks to queue
[2024-04-20T06:30:22.727+0000] {logging_mixin.py:188} INFO - [2024-04-20T06:30:22.726+0000] {dagbag.py:538} INFO - Filling up the DagBag from /opt/airflow/dags/reddit_api_dag.py
[2024-04-20T06:30:25.499+0000] {logging_mixin.py:188} INFO - [2024-04-20T06:30:25.499+0000] {warnings.py:109} WARNING - /opt/airflow/dags/reddit_api_dag.py:100: RemovedInAirflow3Warning: Param `schedule_interval` is deprecated and will be removed in a future release. Please use `schedule` instead. 
  with DAG(
[2024-04-20T06:30:25.506+0000] {processor.py:840} INFO - DAG(s) 'reddit_api_dag' retrieved from /opt/airflow/dags/reddit_api_dag.py
[2024-04-20T06:30:25.519+0000] {logging_mixin.py:188} INFO - [2024-04-20T06:30:25.518+0000] {dag.py:3033} INFO - Sync 1 DAGs
[2024-04-20T06:30:25.536+0000] {logging_mixin.py:188} INFO - [2024-04-20T06:30:25.536+0000] {dag.py:3820} INFO - Setting next_dagrun for reddit_api_dag to 2024-04-20T00:00:00+00:00, run_after=2024-04-21T00:00:00+00:00
[2024-04-20T06:30:25.557+0000] {processor.py:183} INFO - Processing /opt/airflow/dags/reddit_api_dag.py took 2.834 seconds
[2024-04-20T06:30:55.733+0000] {processor.py:161} INFO - Started process (PID=271) to work on /opt/airflow/dags/reddit_api_dag.py
[2024-04-20T06:30:55.734+0000] {processor.py:830} INFO - Processing file /opt/airflow/dags/reddit_api_dag.py for tasks to queue
[2024-04-20T06:30:55.734+0000] {logging_mixin.py:188} INFO - [2024-04-20T06:30:55.734+0000] {dagbag.py:538} INFO - Filling up the DagBag from /opt/airflow/dags/reddit_api_dag.py
[2024-04-20T06:30:58.425+0000] {logging_mixin.py:188} INFO - [2024-04-20T06:30:58.425+0000] {warnings.py:109} WARNING - /opt/airflow/dags/reddit_api_dag.py:100: RemovedInAirflow3Warning: Param `schedule_interval` is deprecated and will be removed in a future release. Please use `schedule` instead. 
  with DAG(
[2024-04-20T06:30:58.432+0000] {processor.py:840} INFO - DAG(s) 'reddit_api_dag' retrieved from /opt/airflow/dags/reddit_api_dag.py
[2024-04-20T06:30:58.445+0000] {logging_mixin.py:188} INFO - [2024-04-20T06:30:58.444+0000] {dag.py:3033} INFO - Sync 1 DAGs
[2024-04-20T06:30:58.463+0000] {logging_mixin.py:188} INFO - [2024-04-20T06:30:58.462+0000] {dag.py:3820} INFO - Setting next_dagrun for reddit_api_dag to 2024-04-20T00:00:00+00:00, run_after=2024-04-21T00:00:00+00:00
[2024-04-20T06:30:58.483+0000] {processor.py:183} INFO - Processing /opt/airflow/dags/reddit_api_dag.py took 2.753 seconds
