[2024-04-15T10:41:54.368+0000] {taskinstance.py:1957} INFO - Dependencies all met for dep_context=non-requeueable deps ti=<TaskInstance: reddit_api_dag.get_reddit_data manual__2024-04-15T10:37:42.250164+00:00 [queued]>
[2024-04-15T10:41:54.374+0000] {taskinstance.py:1957} INFO - Dependencies all met for dep_context=requeueable deps ti=<TaskInstance: reddit_api_dag.get_reddit_data manual__2024-04-15T10:37:42.250164+00:00 [queued]>
[2024-04-15T10:41:54.374+0000] {taskinstance.py:2171} INFO - Starting attempt 6 of 7
[2024-04-15T10:41:54.390+0000] {taskinstance.py:2192} INFO - Executing <Task(PythonOperator): get_reddit_data> on 2024-04-15 10:37:42.250164+00:00
[2024-04-15T10:41:54.398+0000] {standard_task_runner.py:60} INFO - Started process 571 to run task
[2024-04-15T10:41:54.400+0000] {standard_task_runner.py:87} INFO - Running: ['***', 'tasks', 'run', 'reddit_api_dag', 'get_reddit_data', 'manual__2024-04-15T10:37:42.250164+00:00', '--job-id', '87', '--raw', '--subdir', 'DAGS_FOLDER/reddit_api_dag.py', '--cfg-path', '/tmp/tmpgwv1q69e']
[2024-04-15T10:41:54.401+0000] {standard_task_runner.py:88} INFO - Job 87: Subtask get_reddit_data
[2024-04-15T10:41:54.439+0000] {task_command.py:423} INFO - Running <TaskInstance: reddit_api_dag.get_reddit_data manual__2024-04-15T10:37:42.250164+00:00 [running]> on host 0f6dc4f57929
[2024-04-15T10:41:54.518+0000] {taskinstance.py:2481} INFO - Exporting env vars: AIRFLOW_CTX_DAG_EMAIL='66130047@dpu.ac.th' AIRFLOW_CTX_DAG_OWNER='***' AIRFLOW_CTX_DAG_ID='reddit_api_dag' AIRFLOW_CTX_TASK_ID='get_reddit_data' AIRFLOW_CTX_EXECUTION_DATE='2024-04-15T10:37:42.250164+00:00' AIRFLOW_CTX_TRY_NUMBER='6' AIRFLOW_CTX_DAG_RUN_ID='manual__2024-04-15T10:37:42.250164+00:00'
[2024-04-15T10:41:54.521+0000] {warnings.py:109} WARNING - /opt/***/dags/reddit_api_dag.py:62: AirflowProviderDeprecationWarning: The "schema" arg has been renamed to "database" as it contained the database name.Please use "database" to set the database name.
  pg_hook = PostgresHook(

[2024-04-15T10:41:54.526+0000] {base.py:83} INFO - Using connection ID 'my_***_conn' for task execution.
[2024-04-15T10:41:56.771+0000] {logging_mixin.py:188} INFO - score: 1302
[2024-04-15T10:41:56.772+0000] {logging_mixin.py:188} INFO - score: 1093
[2024-04-15T10:41:56.773+0000] {logging_mixin.py:188} INFO - score: 1019
[2024-04-15T10:41:56.773+0000] {logging_mixin.py:188} INFO - score: 1017
[2024-04-15T10:41:56.774+0000] {logging_mixin.py:188} INFO - score: 1000
[2024-04-15T10:41:56.774+0000] {logging_mixin.py:188} INFO - score: 966
[2024-04-15T10:41:56.774+0000] {logging_mixin.py:188} INFO - score: 836
[2024-04-15T10:41:56.775+0000] {logging_mixin.py:188} INFO - score: 836
[2024-04-15T10:41:56.775+0000] {logging_mixin.py:188} INFO - score: 816
[2024-04-15T10:41:56.776+0000] {logging_mixin.py:188} INFO - score: 755
[2024-04-15T10:41:56.776+0000] {logging_mixin.py:188} INFO - score: 733
[2024-04-15T10:41:56.776+0000] {logging_mixin.py:188} INFO - score: 728
[2024-04-15T10:41:56.777+0000] {logging_mixin.py:188} INFO - score: 721
[2024-04-15T10:41:56.777+0000] {logging_mixin.py:188} INFO - score: 622
[2024-04-15T10:41:56.777+0000] {logging_mixin.py:188} INFO - score: 609
[2024-04-15T10:41:56.778+0000] {logging_mixin.py:188} INFO - score: 607
[2024-04-15T10:41:56.778+0000] {logging_mixin.py:188} INFO - score: 583
[2024-04-15T10:41:56.778+0000] {logging_mixin.py:188} INFO - score: 578
[2024-04-15T10:41:56.779+0000] {logging_mixin.py:188} INFO - score: 570
[2024-04-15T10:41:56.779+0000] {logging_mixin.py:188} INFO - score: 569
[2024-04-15T10:41:56.779+0000] {logging_mixin.py:188} INFO - score: 567
[2024-04-15T10:41:56.780+0000] {logging_mixin.py:188} INFO - score: 561
[2024-04-15T10:41:56.780+0000] {logging_mixin.py:188} INFO - score: 557
[2024-04-15T10:41:56.780+0000] {logging_mixin.py:188} INFO - score: 548
[2024-04-15T10:41:56.781+0000] {logging_mixin.py:188} INFO - score: 539
[2024-04-15T10:41:56.781+0000] {logging_mixin.py:188} INFO - score: 530
[2024-04-15T10:41:56.781+0000] {logging_mixin.py:188} INFO - score: 527
[2024-04-15T10:41:56.782+0000] {logging_mixin.py:188} INFO - score: 513
[2024-04-15T10:41:56.782+0000] {logging_mixin.py:188} INFO - score: 504
[2024-04-15T10:41:56.782+0000] {logging_mixin.py:188} INFO - score: 492
[2024-04-15T10:41:56.783+0000] {logging_mixin.py:188} INFO - score: 492
[2024-04-15T10:41:56.783+0000] {logging_mixin.py:188} INFO - score: 451
[2024-04-15T10:41:56.783+0000] {logging_mixin.py:188} INFO - score: 431
[2024-04-15T10:41:56.784+0000] {logging_mixin.py:188} INFO - score: 419
[2024-04-15T10:41:56.784+0000] {logging_mixin.py:188} INFO - score: 418
[2024-04-15T10:41:56.785+0000] {logging_mixin.py:188} INFO - score: 413
[2024-04-15T10:41:56.785+0000] {logging_mixin.py:188} INFO - score: 417
[2024-04-15T10:41:56.785+0000] {logging_mixin.py:188} INFO - score: 415
[2024-04-15T10:41:56.786+0000] {logging_mixin.py:188} INFO - score: 402
[2024-04-15T10:41:56.786+0000] {logging_mixin.py:188} INFO - score: 405
[2024-04-15T10:41:56.786+0000] {logging_mixin.py:188} INFO - score: 398
[2024-04-15T10:41:56.787+0000] {logging_mixin.py:188} INFO - score: 401
[2024-04-15T10:41:56.787+0000] {logging_mixin.py:188} INFO - score: 390
[2024-04-15T10:41:56.787+0000] {logging_mixin.py:188} INFO - score: 396
[2024-04-15T10:41:56.788+0000] {logging_mixin.py:188} INFO - score: 387
[2024-04-15T10:41:56.788+0000] {logging_mixin.py:188} INFO - score: 388
[2024-04-15T10:41:56.788+0000] {logging_mixin.py:188} INFO - score: 386
[2024-04-15T10:41:56.789+0000] {logging_mixin.py:188} INFO - score: 384
[2024-04-15T10:41:56.789+0000] {logging_mixin.py:188} INFO - score: 381
[2024-04-15T10:41:56.789+0000] {logging_mixin.py:188} INFO - score: 382
[2024-04-15T10:41:56.790+0000] {logging_mixin.py:188} INFO - score: 382
[2024-04-15T10:41:56.790+0000] {logging_mixin.py:188} INFO - score: 379
[2024-04-15T10:41:56.790+0000] {logging_mixin.py:188} INFO - score: 374
[2024-04-15T10:41:56.791+0000] {logging_mixin.py:188} INFO - score: 375
[2024-04-15T10:41:56.791+0000] {logging_mixin.py:188} INFO - score: 372
[2024-04-15T10:41:56.791+0000] {logging_mixin.py:188} INFO - score: 372
[2024-04-15T10:41:56.792+0000] {logging_mixin.py:188} INFO - score: 368
[2024-04-15T10:41:56.792+0000] {logging_mixin.py:188} INFO - score: 363
[2024-04-15T10:41:56.792+0000] {logging_mixin.py:188} INFO - score: 365
[2024-04-15T10:41:56.793+0000] {logging_mixin.py:188} INFO - score: 360
[2024-04-15T10:41:56.793+0000] {logging_mixin.py:188} INFO - score: 358
[2024-04-15T10:41:56.793+0000] {logging_mixin.py:188} INFO - score: 348
[2024-04-15T10:41:56.794+0000] {logging_mixin.py:188} INFO - score: 343
[2024-04-15T10:41:56.794+0000] {logging_mixin.py:188} INFO - score: 340
[2024-04-15T10:41:56.794+0000] {logging_mixin.py:188} INFO - score: 341
[2024-04-15T10:41:56.795+0000] {logging_mixin.py:188} INFO - score: 338
[2024-04-15T10:41:56.795+0000] {logging_mixin.py:188} INFO - score: 331
[2024-04-15T10:41:56.795+0000] {logging_mixin.py:188} INFO - score: 333
[2024-04-15T10:41:56.796+0000] {logging_mixin.py:188} INFO - score: 329
[2024-04-15T10:41:56.796+0000] {logging_mixin.py:188} INFO - score: 327
[2024-04-15T10:41:56.796+0000] {logging_mixin.py:188} INFO - score: 328
[2024-04-15T10:41:56.797+0000] {logging_mixin.py:188} INFO - score: 330
[2024-04-15T10:41:56.797+0000] {logging_mixin.py:188} INFO - score: 321
[2024-04-15T10:41:56.797+0000] {logging_mixin.py:188} INFO - score: 316
[2024-04-15T10:41:56.798+0000] {logging_mixin.py:188} INFO - score: 306
[2024-04-15T10:41:56.798+0000] {logging_mixin.py:188} INFO - score: 301
[2024-04-15T10:41:56.798+0000] {logging_mixin.py:188} INFO - score: 299
[2024-04-15T10:41:56.799+0000] {logging_mixin.py:188} INFO - score: 298
[2024-04-15T10:41:56.799+0000] {logging_mixin.py:188} INFO - score: 297
[2024-04-15T10:41:56.799+0000] {logging_mixin.py:188} INFO - score: 291
[2024-04-15T10:41:56.800+0000] {logging_mixin.py:188} INFO - score: 290
[2024-04-15T10:41:56.800+0000] {logging_mixin.py:188} INFO - score: 286
[2024-04-15T10:41:56.800+0000] {logging_mixin.py:188} INFO - score: 288
[2024-04-15T10:41:56.801+0000] {logging_mixin.py:188} INFO - score: 285
[2024-04-15T10:41:56.801+0000] {logging_mixin.py:188} INFO - score: 284
[2024-04-15T10:41:56.801+0000] {logging_mixin.py:188} INFO - score: 281
[2024-04-15T10:41:56.802+0000] {logging_mixin.py:188} INFO - score: 280
[2024-04-15T10:41:56.802+0000] {logging_mixin.py:188} INFO - score: 277
[2024-04-15T10:41:56.803+0000] {logging_mixin.py:188} INFO - score: 276
[2024-04-15T10:41:56.803+0000] {logging_mixin.py:188} INFO - score: 276
[2024-04-15T10:41:56.803+0000] {logging_mixin.py:188} INFO - score: 269
[2024-04-15T10:41:56.803+0000] {logging_mixin.py:188} INFO - score: 270
[2024-04-15T10:41:56.804+0000] {logging_mixin.py:188} INFO - score: 270
[2024-04-15T10:41:56.804+0000] {logging_mixin.py:188} INFO - score: 266
[2024-04-15T10:41:56.805+0000] {logging_mixin.py:188} INFO - score: 264
[2024-04-15T10:41:56.805+0000] {logging_mixin.py:188} INFO - score: 266
[2024-04-15T10:41:56.805+0000] {logging_mixin.py:188} INFO - score: 264
[2024-04-15T10:41:56.806+0000] {logging_mixin.py:188} INFO - score: 265
[2024-04-15T10:41:56.806+0000] {logging_mixin.py:188} INFO - score: 265
[2024-04-15T10:41:56.806+0000] {logging_mixin.py:188} INFO - score: 259
[2024-04-15T10:41:58.746+0000] {logging_mixin.py:188} INFO - score: 258
[2024-04-15T10:41:58.747+0000] {logging_mixin.py:188} INFO - score: 255
[2024-04-15T10:41:58.747+0000] {logging_mixin.py:188} INFO - score: 255
[2024-04-15T10:41:58.747+0000] {logging_mixin.py:188} INFO - score: 253
[2024-04-15T10:41:58.748+0000] {logging_mixin.py:188} INFO - score: 256
[2024-04-15T10:41:58.748+0000] {logging_mixin.py:188} INFO - score: 258
[2024-04-15T10:41:58.749+0000] {logging_mixin.py:188} INFO - score: 250
[2024-04-15T10:41:58.749+0000] {logging_mixin.py:188} INFO - score: 248
[2024-04-15T10:41:58.749+0000] {logging_mixin.py:188} INFO - score: 251
[2024-04-15T10:41:58.750+0000] {logging_mixin.py:188} INFO - score: 246
[2024-04-15T10:41:58.750+0000] {logging_mixin.py:188} INFO - score: 250
[2024-04-15T10:41:58.751+0000] {logging_mixin.py:188} INFO - score: 248
[2024-04-15T10:41:58.751+0000] {logging_mixin.py:188} INFO - score: 245
[2024-04-15T10:41:58.751+0000] {logging_mixin.py:188} INFO - score: 240
[2024-04-15T10:41:58.752+0000] {logging_mixin.py:188} INFO - score: 242
[2024-04-15T10:41:58.752+0000] {logging_mixin.py:188} INFO - score: 239
[2024-04-15T10:41:58.752+0000] {logging_mixin.py:188} INFO - score: 238
[2024-04-15T10:41:58.752+0000] {logging_mixin.py:188} INFO - score: 235
[2024-04-15T10:41:58.753+0000] {logging_mixin.py:188} INFO - score: 236
[2024-04-15T10:41:58.753+0000] {logging_mixin.py:188} INFO - score: 236
[2024-04-15T10:41:58.754+0000] {logging_mixin.py:188} INFO - score: 235
[2024-04-15T10:41:58.754+0000] {logging_mixin.py:188} INFO - score: 236
[2024-04-15T10:41:58.754+0000] {logging_mixin.py:188} INFO - score: 232
[2024-04-15T10:41:58.755+0000] {logging_mixin.py:188} INFO - score: 233
[2024-04-15T10:41:58.755+0000] {logging_mixin.py:188} INFO - score: 232
[2024-04-15T10:41:58.755+0000] {logging_mixin.py:188} INFO - score: 235
[2024-04-15T10:41:58.755+0000] {logging_mixin.py:188} INFO - score: 232
[2024-04-15T10:41:58.756+0000] {logging_mixin.py:188} INFO - score: 230
[2024-04-15T10:41:58.756+0000] {logging_mixin.py:188} INFO - score: 230
[2024-04-15T10:41:58.756+0000] {logging_mixin.py:188} INFO - score: 229
[2024-04-15T10:41:58.757+0000] {logging_mixin.py:188} INFO - score: 227
[2024-04-15T10:41:58.757+0000] {logging_mixin.py:188} INFO - score: 226
[2024-04-15T10:41:58.757+0000] {logging_mixin.py:188} INFO - score: 228
[2024-04-15T10:41:58.758+0000] {logging_mixin.py:188} INFO - score: 228
[2024-04-15T10:41:58.758+0000] {logging_mixin.py:188} INFO - score: 225
[2024-04-15T10:41:58.758+0000] {logging_mixin.py:188} INFO - score: 226
[2024-04-15T10:41:58.759+0000] {logging_mixin.py:188} INFO - score: 227
[2024-04-15T10:41:58.759+0000] {logging_mixin.py:188} INFO - score: 225
[2024-04-15T10:41:58.759+0000] {logging_mixin.py:188} INFO - score: 223
[2024-04-15T10:41:58.760+0000] {logging_mixin.py:188} INFO - score: 225
[2024-04-15T10:41:58.760+0000] {logging_mixin.py:188} INFO - score: 222
[2024-04-15T10:41:58.760+0000] {logging_mixin.py:188} INFO - score: 225
[2024-04-15T10:41:58.761+0000] {logging_mixin.py:188} INFO - score: 219
[2024-04-15T10:41:58.762+0000] {logging_mixin.py:188} INFO - score: 224
[2024-04-15T10:41:58.762+0000] {logging_mixin.py:188} INFO - score: 220
[2024-04-15T10:41:58.762+0000] {logging_mixin.py:188} INFO - score: 218
[2024-04-15T10:41:58.762+0000] {logging_mixin.py:188} INFO - score: 220
[2024-04-15T10:41:58.763+0000] {logging_mixin.py:188} INFO - score: 218
[2024-04-15T10:41:58.763+0000] {logging_mixin.py:188} INFO - score: 214
[2024-04-15T10:41:58.764+0000] {logging_mixin.py:188} INFO - score: 214
[2024-04-15T10:41:58.764+0000] {logging_mixin.py:188} INFO - score: 212
[2024-04-15T10:41:58.764+0000] {logging_mixin.py:188} INFO - score: 211
[2024-04-15T10:41:58.764+0000] {logging_mixin.py:188} INFO - score: 212
[2024-04-15T10:41:58.765+0000] {logging_mixin.py:188} INFO - score: 207
[2024-04-15T10:41:58.765+0000] {logging_mixin.py:188} INFO - score: 209
[2024-04-15T10:41:58.765+0000] {logging_mixin.py:188} INFO - score: 210
[2024-04-15T10:41:58.766+0000] {logging_mixin.py:188} INFO - score: 208
[2024-04-15T10:41:58.766+0000] {logging_mixin.py:188} INFO - score: 205
[2024-04-15T10:41:58.766+0000] {logging_mixin.py:188} INFO - score: 206
[2024-04-15T10:41:58.767+0000] {logging_mixin.py:188} INFO - score: 207
[2024-04-15T10:41:58.767+0000] {logging_mixin.py:188} INFO - score: 205
[2024-04-15T10:41:58.767+0000] {logging_mixin.py:188} INFO - score: 204
[2024-04-15T10:41:58.767+0000] {logging_mixin.py:188} INFO - score: 203
[2024-04-15T10:41:58.768+0000] {logging_mixin.py:188} INFO - score: 203
[2024-04-15T10:41:58.768+0000] {logging_mixin.py:188} INFO - score: 198
[2024-04-15T10:41:58.768+0000] {logging_mixin.py:188} INFO - score: 198
[2024-04-15T10:41:58.769+0000] {logging_mixin.py:188} INFO - score: 198
[2024-04-15T10:41:58.769+0000] {logging_mixin.py:188} INFO - score: 197
[2024-04-15T10:41:58.769+0000] {logging_mixin.py:188} INFO - score: 200
[2024-04-15T10:41:58.770+0000] {logging_mixin.py:188} INFO - score: 202
[2024-04-15T10:41:58.770+0000] {logging_mixin.py:188} INFO - score: 198
[2024-04-15T10:41:58.771+0000] {logging_mixin.py:188} INFO - score: 197
[2024-04-15T10:41:58.771+0000] {logging_mixin.py:188} INFO - score: 195
[2024-04-15T10:41:58.771+0000] {logging_mixin.py:188} INFO - score: 197
[2024-04-15T10:41:58.771+0000] {logging_mixin.py:188} INFO - score: 194
[2024-04-15T10:41:58.772+0000] {logging_mixin.py:188} INFO - score: 193
[2024-04-15T10:41:58.772+0000] {logging_mixin.py:188} INFO - score: 194
[2024-04-15T10:41:58.772+0000] {logging_mixin.py:188} INFO - score: 195
[2024-04-15T10:41:58.773+0000] {logging_mixin.py:188} INFO - score: 196
[2024-04-15T10:41:58.773+0000] {logging_mixin.py:188} INFO - score: 198
[2024-04-15T10:41:58.773+0000] {logging_mixin.py:188} INFO - score: 195
[2024-04-15T10:41:58.774+0000] {logging_mixin.py:188} INFO - score: 195
[2024-04-15T10:41:58.774+0000] {logging_mixin.py:188} INFO - score: 192
[2024-04-15T10:41:58.775+0000] {logging_mixin.py:188} INFO - score: 190
[2024-04-15T10:41:58.775+0000] {logging_mixin.py:188} INFO - score: 190
[2024-04-15T10:41:58.775+0000] {logging_mixin.py:188} INFO - score: 187
[2024-04-15T10:41:58.776+0000] {logging_mixin.py:188} INFO - score: 185
[2024-04-15T10:41:58.776+0000] {logging_mixin.py:188} INFO - score: 185
[2024-04-15T10:41:58.776+0000] {logging_mixin.py:188} INFO - score: 187
[2024-04-15T10:41:58.777+0000] {logging_mixin.py:188} INFO - score: 184
[2024-04-15T10:41:58.777+0000] {logging_mixin.py:188} INFO - score: 182
[2024-04-15T10:41:58.777+0000] {logging_mixin.py:188} INFO - score: 182
[2024-04-15T10:41:58.778+0000] {logging_mixin.py:188} INFO - score: 184
[2024-04-15T10:41:58.778+0000] {logging_mixin.py:188} INFO - score: 183
[2024-04-15T10:41:58.779+0000] {logging_mixin.py:188} INFO - score: 182
[2024-04-15T10:41:58.779+0000] {logging_mixin.py:188} INFO - score: 180
[2024-04-15T10:41:58.779+0000] {logging_mixin.py:188} INFO - score: 186
[2024-04-15T10:41:58.779+0000] {logging_mixin.py:188} INFO - score: 183
[2024-04-15T10:41:58.780+0000] {logging_mixin.py:188} INFO - score: 180
[2024-04-15T10:41:58.780+0000] {logging_mixin.py:188} INFO - score: 180
[2024-04-15T10:42:00.643+0000] {logging_mixin.py:188} INFO - score: 177
[2024-04-15T10:42:00.643+0000] {logging_mixin.py:188} INFO - score: 179
[2024-04-15T10:42:00.644+0000] {logging_mixin.py:188} INFO - score: 180
[2024-04-15T10:42:00.644+0000] {logging_mixin.py:188} INFO - score: 177
[2024-04-15T10:42:00.645+0000] {logging_mixin.py:188} INFO - score: 180
[2024-04-15T10:42:00.645+0000] {logging_mixin.py:188} INFO - score: 178
[2024-04-15T10:42:00.646+0000] {logging_mixin.py:188} INFO - score: 177
[2024-04-15T10:42:00.646+0000] {logging_mixin.py:188} INFO - score: 180
[2024-04-15T10:42:00.646+0000] {logging_mixin.py:188} INFO - score: 177
[2024-04-15T10:42:00.647+0000] {logging_mixin.py:188} INFO - score: 177
[2024-04-15T10:42:00.647+0000] {logging_mixin.py:188} INFO - score: 175
[2024-04-15T10:42:00.647+0000] {logging_mixin.py:188} INFO - score: 174
[2024-04-15T10:42:00.648+0000] {logging_mixin.py:188} INFO - score: 175
[2024-04-15T10:42:00.648+0000] {logging_mixin.py:188} INFO - score: 177
[2024-04-15T10:42:00.648+0000] {logging_mixin.py:188} INFO - score: 175
[2024-04-15T10:42:00.649+0000] {logging_mixin.py:188} INFO - score: 176
[2024-04-15T10:42:00.649+0000] {logging_mixin.py:188} INFO - score: 177
[2024-04-15T10:42:00.649+0000] {logging_mixin.py:188} INFO - score: 177
[2024-04-15T10:42:00.650+0000] {logging_mixin.py:188} INFO - score: 174
[2024-04-15T10:42:00.650+0000] {logging_mixin.py:188} INFO - score: 173
[2024-04-15T10:42:00.650+0000] {logging_mixin.py:188} INFO - score: 171
[2024-04-15T10:42:00.651+0000] {logging_mixin.py:188} INFO - score: 173
[2024-04-15T10:42:00.651+0000] {logging_mixin.py:188} INFO - score: 170
[2024-04-15T10:42:00.652+0000] {logging_mixin.py:188} INFO - score: 175
[2024-04-15T10:42:00.652+0000] {logging_mixin.py:188} INFO - score: 169
[2024-04-15T10:42:00.652+0000] {logging_mixin.py:188} INFO - score: 169
[2024-04-15T10:42:00.653+0000] {logging_mixin.py:188} INFO - score: 170
[2024-04-15T10:42:00.653+0000] {logging_mixin.py:188} INFO - score: 170
[2024-04-15T10:42:00.653+0000] {logging_mixin.py:188} INFO - score: 171
[2024-04-15T10:42:00.654+0000] {logging_mixin.py:188} INFO - score: 173
[2024-04-15T10:42:00.654+0000] {logging_mixin.py:188} INFO - score: 168
[2024-04-15T10:42:00.655+0000] {logging_mixin.py:188} INFO - score: 166
[2024-04-15T10:42:00.655+0000] {logging_mixin.py:188} INFO - score: 166
[2024-04-15T10:42:00.656+0000] {logging_mixin.py:188} INFO - score: 166
[2024-04-15T10:42:00.656+0000] {logging_mixin.py:188} INFO - score: 168
[2024-04-15T10:42:00.656+0000] {logging_mixin.py:188} INFO - score: 166
[2024-04-15T10:42:00.657+0000] {logging_mixin.py:188} INFO - score: 166
[2024-04-15T10:42:00.657+0000] {logging_mixin.py:188} INFO - score: 163
[2024-04-15T10:42:00.658+0000] {logging_mixin.py:188} INFO - score: 163
[2024-04-15T10:42:00.658+0000] {logging_mixin.py:188} INFO - score: 165
[2024-04-15T10:42:00.659+0000] {logging_mixin.py:188} INFO - score: 164
[2024-04-15T10:42:00.659+0000] {logging_mixin.py:188} INFO - score: 163
[2024-04-15T10:42:00.660+0000] {logging_mixin.py:188} INFO - score: 167
[2024-04-15T10:42:00.660+0000] {logging_mixin.py:188} INFO - score: 163
[2024-04-15T10:42:00.661+0000] {logging_mixin.py:188} INFO - score: 165
[2024-04-15T10:42:00.661+0000] {logging_mixin.py:188} INFO - score: 162
[2024-04-15T10:42:00.661+0000] {logging_mixin.py:188} INFO - score: 160
[2024-04-15T10:42:00.662+0000] {logging_mixin.py:188} INFO - score: 159
[2024-04-15T10:42:00.662+0000] {logging_mixin.py:188} INFO - score: 161
[2024-04-15T10:42:00.663+0000] {logging_mixin.py:188} INFO - score: 160
[2024-04-15T10:42:00.663+0000] {logging_mixin.py:188} INFO - score: 159
[2024-04-15T10:42:00.663+0000] {logging_mixin.py:188} INFO - score: 159
[2024-04-15T10:42:00.664+0000] {logging_mixin.py:188} INFO - score: 160
[2024-04-15T10:42:00.664+0000] {logging_mixin.py:188} INFO - score: 159
[2024-04-15T10:42:00.665+0000] {logging_mixin.py:188} INFO - score: 161
[2024-04-15T10:42:00.665+0000] {logging_mixin.py:188} INFO - score: 158
[2024-04-15T10:42:00.665+0000] {logging_mixin.py:188} INFO - score: 157
[2024-04-15T10:42:00.666+0000] {logging_mixin.py:188} INFO - score: 155
[2024-04-15T10:42:00.666+0000] {logging_mixin.py:188} INFO - score: 156
[2024-04-15T10:42:00.666+0000] {logging_mixin.py:188} INFO - score: 155
[2024-04-15T10:42:00.667+0000] {logging_mixin.py:188} INFO - score: 155
[2024-04-15T10:42:00.667+0000] {logging_mixin.py:188} INFO - score: 154
[2024-04-15T10:42:00.668+0000] {logging_mixin.py:188} INFO - score: 154
[2024-04-15T10:42:00.668+0000] {logging_mixin.py:188} INFO - score: 154
[2024-04-15T10:42:00.668+0000] {logging_mixin.py:188} INFO - score: 151
[2024-04-15T10:42:00.669+0000] {logging_mixin.py:188} INFO - score: 151
[2024-04-15T10:42:00.669+0000] {logging_mixin.py:188} INFO - score: 152
[2024-04-15T10:42:00.669+0000] {logging_mixin.py:188} INFO - score: 152
[2024-04-15T10:42:00.670+0000] {logging_mixin.py:188} INFO - score: 153
[2024-04-15T10:42:00.670+0000] {logging_mixin.py:188} INFO - score: 153
[2024-04-15T10:42:00.670+0000] {logging_mixin.py:188} INFO - score: 155
[2024-04-15T10:42:00.671+0000] {logging_mixin.py:188} INFO - score: 154
[2024-04-15T10:42:00.671+0000] {logging_mixin.py:188} INFO - score: 150
[2024-04-15T10:42:00.671+0000] {logging_mixin.py:188} INFO - score: 150
[2024-04-15T10:42:00.672+0000] {logging_mixin.py:188} INFO - score: 148
[2024-04-15T10:42:00.672+0000] {logging_mixin.py:188} INFO - score: 148
[2024-04-15T10:42:00.673+0000] {logging_mixin.py:188} INFO - score: 145
[2024-04-15T10:42:00.673+0000] {logging_mixin.py:188} INFO - score: 147
[2024-04-15T10:42:00.673+0000] {logging_mixin.py:188} INFO - score: 149
[2024-04-15T10:42:00.674+0000] {logging_mixin.py:188} INFO - score: 145
[2024-04-15T10:42:00.674+0000] {logging_mixin.py:188} INFO - score: 147
[2024-04-15T10:42:00.674+0000] {logging_mixin.py:188} INFO - score: 145
[2024-04-15T10:42:00.675+0000] {logging_mixin.py:188} INFO - score: 149
[2024-04-15T10:42:00.675+0000] {logging_mixin.py:188} INFO - score: 146
[2024-04-15T10:42:00.675+0000] {logging_mixin.py:188} INFO - score: 146
[2024-04-15T10:42:00.676+0000] {logging_mixin.py:188} INFO - score: 144
[2024-04-15T10:42:00.676+0000] {logging_mixin.py:188} INFO - score: 144
[2024-04-15T10:42:00.677+0000] {logging_mixin.py:188} INFO - score: 142
[2024-04-15T10:42:00.677+0000] {logging_mixin.py:188} INFO - score: 149
[2024-04-15T10:42:00.677+0000] {logging_mixin.py:188} INFO - score: 144
[2024-04-15T10:42:00.678+0000] {logging_mixin.py:188} INFO - score: 141
[2024-04-15T10:42:00.678+0000] {logging_mixin.py:188} INFO - score: 143
[2024-04-15T10:42:00.679+0000] {logging_mixin.py:188} INFO - score: 147
[2024-04-15T10:42:00.679+0000] {logging_mixin.py:188} INFO - score: 144
[2024-04-15T10:42:00.679+0000] {logging_mixin.py:188} INFO - score: 144
[2024-04-15T10:42:00.680+0000] {logging_mixin.py:188} INFO - score: 144
[2024-04-15T10:42:00.680+0000] {logging_mixin.py:188} INFO - score: 142
[2024-04-15T10:42:00.681+0000] {logging_mixin.py:188} INFO - score: 145
[2024-04-15T10:42:00.681+0000] {logging_mixin.py:188} INFO - score: 141
[2024-04-15T10:42:00.681+0000] {logging_mixin.py:188} INFO - score: 145
[2024-04-15T10:42:02.343+0000] {logging_mixin.py:188} INFO - score: 143
[2024-04-15T10:42:02.344+0000] {logging_mixin.py:188} INFO - score: 141
[2024-04-15T10:42:02.344+0000] {logging_mixin.py:188} INFO - score: 141
[2024-04-15T10:42:02.345+0000] {logging_mixin.py:188} INFO - score: 143
[2024-04-15T10:42:02.346+0000] {logging_mixin.py:188} INFO - score: 142
[2024-04-15T10:42:02.346+0000] {logging_mixin.py:188} INFO - score: 137
[2024-04-15T10:42:02.347+0000] {logging_mixin.py:188} INFO - score: 141
[2024-04-15T10:42:02.347+0000] {logging_mixin.py:188} INFO - score: 141
[2024-04-15T10:42:02.347+0000] {logging_mixin.py:188} INFO - score: 137
[2024-04-15T10:42:02.348+0000] {logging_mixin.py:188} INFO - score: 140
[2024-04-15T10:42:02.348+0000] {logging_mixin.py:188} INFO - score: 141
[2024-04-15T10:42:02.349+0000] {logging_mixin.py:188} INFO - score: 138
[2024-04-15T10:42:02.349+0000] {logging_mixin.py:188} INFO - score: 141
[2024-04-15T10:42:02.349+0000] {logging_mixin.py:188} INFO - score: 137
[2024-04-15T10:42:02.350+0000] {logging_mixin.py:188} INFO - score: 141
[2024-04-15T10:42:02.350+0000] {logging_mixin.py:188} INFO - score: 135
[2024-04-15T10:42:02.350+0000] {logging_mixin.py:188} INFO - score: 138
[2024-04-15T10:42:02.351+0000] {logging_mixin.py:188} INFO - score: 140
[2024-04-15T10:42:02.351+0000] {logging_mixin.py:188} INFO - score: 133
[2024-04-15T10:42:02.352+0000] {logging_mixin.py:188} INFO - score: 138
[2024-04-15T10:42:02.352+0000] {logging_mixin.py:188} INFO - score: 140
[2024-04-15T10:42:02.352+0000] {logging_mixin.py:188} INFO - score: 136
[2024-04-15T10:42:02.353+0000] {logging_mixin.py:188} INFO - score: 139
[2024-04-15T10:42:02.353+0000] {logging_mixin.py:188} INFO - score: 138
[2024-04-15T10:42:02.353+0000] {logging_mixin.py:188} INFO - score: 136
[2024-04-15T10:42:02.354+0000] {logging_mixin.py:188} INFO - score: 138
[2024-04-15T10:42:02.354+0000] {logging_mixin.py:188} INFO - score: 137
[2024-04-15T10:42:02.354+0000] {logging_mixin.py:188} INFO - score: 135
[2024-04-15T10:42:02.355+0000] {logging_mixin.py:188} INFO - score: 136
[2024-04-15T10:42:02.355+0000] {logging_mixin.py:188} INFO - score: 134
[2024-04-15T10:42:02.355+0000] {logging_mixin.py:188} INFO - score: 132
[2024-04-15T10:42:02.356+0000] {logging_mixin.py:188} INFO - score: 132
[2024-04-15T10:42:02.356+0000] {logging_mixin.py:188} INFO - score: 134
[2024-04-15T10:42:02.356+0000] {logging_mixin.py:188} INFO - score: 134
[2024-04-15T10:42:02.357+0000] {logging_mixin.py:188} INFO - score: 133
[2024-04-15T10:42:02.357+0000] {logging_mixin.py:188} INFO - score: 132
[2024-04-15T10:42:02.357+0000] {logging_mixin.py:188} INFO - score: 134
[2024-04-15T10:42:02.358+0000] {logging_mixin.py:188} INFO - score: 131
[2024-04-15T10:42:02.358+0000] {logging_mixin.py:188} INFO - score: 131
[2024-04-15T10:42:02.358+0000] {logging_mixin.py:188} INFO - score: 132
[2024-04-15T10:42:02.359+0000] {logging_mixin.py:188} INFO - score: 133
[2024-04-15T10:42:02.359+0000] {logging_mixin.py:188} INFO - score: 134
[2024-04-15T10:42:02.359+0000] {logging_mixin.py:188} INFO - score: 130
[2024-04-15T10:42:02.360+0000] {logging_mixin.py:188} INFO - score: 130
[2024-04-15T10:42:02.360+0000] {logging_mixin.py:188} INFO - score: 131
[2024-04-15T10:42:02.361+0000] {logging_mixin.py:188} INFO - score: 132
[2024-04-15T10:42:02.361+0000] {logging_mixin.py:188} INFO - score: 131
[2024-04-15T10:42:02.361+0000] {logging_mixin.py:188} INFO - score: 133
[2024-04-15T10:42:02.362+0000] {logging_mixin.py:188} INFO - score: 134
[2024-04-15T10:42:02.362+0000] {logging_mixin.py:188} INFO - score: 132
[2024-04-15T10:42:02.363+0000] {logging_mixin.py:188} INFO - score: 128
[2024-04-15T10:42:02.363+0000] {logging_mixin.py:188} INFO - score: 127
[2024-04-15T10:42:02.363+0000] {logging_mixin.py:188} INFO - score: 130
[2024-04-15T10:42:02.364+0000] {logging_mixin.py:188} INFO - score: 133
[2024-04-15T10:42:02.364+0000] {logging_mixin.py:188} INFO - score: 130
[2024-04-15T10:42:02.364+0000] {logging_mixin.py:188} INFO - score: 133
[2024-04-15T10:42:02.365+0000] {logging_mixin.py:188} INFO - score: 131
[2024-04-15T10:42:02.365+0000] {logging_mixin.py:188} INFO - score: 129
[2024-04-15T10:42:02.366+0000] {logging_mixin.py:188} INFO - score: 128
[2024-04-15T10:42:02.366+0000] {logging_mixin.py:188} INFO - score: 128
[2024-04-15T10:42:02.366+0000] {logging_mixin.py:188} INFO - score: 129
[2024-04-15T10:42:02.367+0000] {logging_mixin.py:188} INFO - score: 129
[2024-04-15T10:42:02.367+0000] {logging_mixin.py:188} INFO - score: 131
[2024-04-15T10:42:02.367+0000] {logging_mixin.py:188} INFO - score: 126
[2024-04-15T10:42:02.367+0000] {logging_mixin.py:188} INFO - score: 129
[2024-04-15T10:42:02.368+0000] {logging_mixin.py:188} INFO - score: 129
[2024-04-15T10:42:02.368+0000] {logging_mixin.py:188} INFO - score: 126
[2024-04-15T10:42:02.369+0000] {logging_mixin.py:188} INFO - score: 130
[2024-04-15T10:42:02.369+0000] {logging_mixin.py:188} INFO - score: 130
[2024-04-15T10:42:02.369+0000] {logging_mixin.py:188} INFO - score: 128
[2024-04-15T10:42:02.370+0000] {logging_mixin.py:188} INFO - score: 128
[2024-04-15T10:42:02.370+0000] {logging_mixin.py:188} INFO - score: 124
[2024-04-15T10:42:02.370+0000] {logging_mixin.py:188} INFO - score: 130
[2024-04-15T10:42:02.371+0000] {logging_mixin.py:188} INFO - score: 125
[2024-04-15T10:42:02.371+0000] {logging_mixin.py:188} INFO - score: 126
[2024-04-15T10:42:02.371+0000] {logging_mixin.py:188} INFO - score: 126
[2024-04-15T10:42:02.372+0000] {logging_mixin.py:188} INFO - score: 124
[2024-04-15T10:42:02.372+0000] {logging_mixin.py:188} INFO - score: 124
[2024-04-15T10:42:02.372+0000] {logging_mixin.py:188} INFO - score: 124
[2024-04-15T10:42:02.373+0000] {logging_mixin.py:188} INFO - score: 123
[2024-04-15T10:42:02.373+0000] {logging_mixin.py:188} INFO - score: 125
[2024-04-15T10:42:02.373+0000] {logging_mixin.py:188} INFO - score: 124
[2024-04-15T10:42:02.374+0000] {logging_mixin.py:188} INFO - score: 128
[2024-04-15T10:42:02.374+0000] {logging_mixin.py:188} INFO - score: 125
[2024-04-15T10:42:02.374+0000] {logging_mixin.py:188} INFO - score: 124
[2024-04-15T10:42:02.375+0000] {logging_mixin.py:188} INFO - score: 127
[2024-04-15T10:42:02.375+0000] {logging_mixin.py:188} INFO - score: 121
[2024-04-15T10:42:02.375+0000] {logging_mixin.py:188} INFO - score: 120
[2024-04-15T10:42:02.376+0000] {logging_mixin.py:188} INFO - score: 123
[2024-04-15T10:42:02.376+0000] {logging_mixin.py:188} INFO - score: 120
[2024-04-15T10:42:02.376+0000] {logging_mixin.py:188} INFO - score: 126
[2024-04-15T10:42:02.377+0000] {logging_mixin.py:188} INFO - score: 126
[2024-04-15T10:42:02.377+0000] {logging_mixin.py:188} INFO - score: 124
[2024-04-15T10:42:02.377+0000] {logging_mixin.py:188} INFO - score: 122
[2024-04-15T10:42:02.378+0000] {logging_mixin.py:188} INFO - score: 122
[2024-04-15T10:42:02.378+0000] {logging_mixin.py:188} INFO - score: 122
[2024-04-15T10:42:02.378+0000] {logging_mixin.py:188} INFO - score: 120
[2024-04-15T10:42:02.379+0000] {logging_mixin.py:188} INFO - score: 122
[2024-04-15T10:42:02.379+0000] {logging_mixin.py:188} INFO - score: 121
[2024-04-15T10:42:02.379+0000] {logging_mixin.py:188} INFO - score: 122
[2024-04-15T10:42:03.941+0000] {logging_mixin.py:188} INFO - score: 124
[2024-04-15T10:42:03.942+0000] {logging_mixin.py:188} INFO - score: 124
[2024-04-15T10:42:03.942+0000] {logging_mixin.py:188} INFO - score: 121
[2024-04-15T10:42:03.943+0000] {logging_mixin.py:188} INFO - score: 120
[2024-04-15T10:42:03.943+0000] {logging_mixin.py:188} INFO - score: 122
[2024-04-15T10:42:03.944+0000] {logging_mixin.py:188} INFO - score: 123
[2024-04-15T10:42:03.944+0000] {logging_mixin.py:188} INFO - score: 120
[2024-04-15T10:42:03.944+0000] {logging_mixin.py:188} INFO - score: 120
[2024-04-15T10:42:03.945+0000] {logging_mixin.py:188} INFO - score: 121
[2024-04-15T10:42:03.945+0000] {logging_mixin.py:188} INFO - score: 123
[2024-04-15T10:42:03.946+0000] {logging_mixin.py:188} INFO - score: 117
[2024-04-15T10:42:03.946+0000] {logging_mixin.py:188} INFO - score: 119
[2024-04-15T10:42:03.947+0000] {logging_mixin.py:188} INFO - score: 119
[2024-04-15T10:42:03.948+0000] {logging_mixin.py:188} INFO - score: 119
[2024-04-15T10:42:03.948+0000] {logging_mixin.py:188} INFO - score: 117
[2024-04-15T10:42:03.948+0000] {logging_mixin.py:188} INFO - score: 115
[2024-04-15T10:42:03.949+0000] {logging_mixin.py:188} INFO - score: 117
[2024-04-15T10:42:03.949+0000] {logging_mixin.py:188} INFO - score: 118
[2024-04-15T10:42:03.949+0000] {logging_mixin.py:188} INFO - score: 117
[2024-04-15T10:42:03.950+0000] {logging_mixin.py:188} INFO - score: 118
[2024-04-15T10:42:03.950+0000] {logging_mixin.py:188} INFO - score: 116
[2024-04-15T10:42:03.950+0000] {logging_mixin.py:188} INFO - score: 113
[2024-04-15T10:42:03.951+0000] {logging_mixin.py:188} INFO - score: 114
[2024-04-15T10:42:03.951+0000] {logging_mixin.py:188} INFO - score: 118
[2024-04-15T10:42:03.952+0000] {logging_mixin.py:188} INFO - score: 116
[2024-04-15T10:42:03.952+0000] {logging_mixin.py:188} INFO - score: 115
[2024-04-15T10:42:03.953+0000] {logging_mixin.py:188} INFO - score: 119
[2024-04-15T10:42:03.953+0000] {logging_mixin.py:188} INFO - score: 116
[2024-04-15T10:42:03.953+0000] {logging_mixin.py:188} INFO - score: 114
[2024-04-15T10:42:03.954+0000] {logging_mixin.py:188} INFO - score: 116
[2024-04-15T10:42:03.954+0000] {logging_mixin.py:188} INFO - score: 113
[2024-04-15T10:42:03.954+0000] {logging_mixin.py:188} INFO - score: 118
[2024-04-15T10:42:03.955+0000] {logging_mixin.py:188} INFO - score: 113
[2024-04-15T10:42:03.955+0000] {logging_mixin.py:188} INFO - score: 115
[2024-04-15T10:42:03.955+0000] {logging_mixin.py:188} INFO - score: 115
[2024-04-15T10:42:03.956+0000] {logging_mixin.py:188} INFO - score: 114
[2024-04-15T10:42:03.956+0000] {logging_mixin.py:188} INFO - score: 114
[2024-04-15T10:42:03.957+0000] {logging_mixin.py:188} INFO - score: 113
[2024-04-15T10:42:03.957+0000] {logging_mixin.py:188} INFO - score: 111
[2024-04-15T10:42:03.957+0000] {logging_mixin.py:188} INFO - score: 115
[2024-04-15T10:42:03.958+0000] {logging_mixin.py:188} INFO - score: 113
[2024-04-15T10:42:03.959+0000] {logging_mixin.py:188} INFO - score: 115
[2024-04-15T10:42:03.959+0000] {logging_mixin.py:188} INFO - score: 114
[2024-04-15T10:42:03.959+0000] {logging_mixin.py:188} INFO - score: 114
[2024-04-15T10:42:03.960+0000] {logging_mixin.py:188} INFO - score: 115
[2024-04-15T10:42:03.960+0000] {logging_mixin.py:188} INFO - score: 110
[2024-04-15T10:42:03.960+0000] {logging_mixin.py:188} INFO - score: 113
[2024-04-15T10:42:03.961+0000] {logging_mixin.py:188} INFO - score: 115
[2024-04-15T10:42:03.961+0000] {logging_mixin.py:188} INFO - score: 115
[2024-04-15T10:42:03.961+0000] {logging_mixin.py:188} INFO - score: 115
[2024-04-15T10:42:03.962+0000] {logging_mixin.py:188} INFO - score: 113
[2024-04-15T10:42:03.962+0000] {logging_mixin.py:188} INFO - score: 109
[2024-04-15T10:42:03.962+0000] {logging_mixin.py:188} INFO - score: 110
[2024-04-15T10:42:03.963+0000] {logging_mixin.py:188} INFO - score: 113
[2024-04-15T10:42:03.963+0000] {logging_mixin.py:188} INFO - score: 113
[2024-04-15T10:42:03.963+0000] {logging_mixin.py:188} INFO - score: 114
[2024-04-15T10:42:03.964+0000] {logging_mixin.py:188} INFO - score: 115
[2024-04-15T10:42:03.964+0000] {logging_mixin.py:188} INFO - score: 112
[2024-04-15T10:42:03.964+0000] {logging_mixin.py:188} INFO - score: 111
[2024-04-15T10:42:03.965+0000] {logging_mixin.py:188} INFO - score: 111
[2024-04-15T10:42:03.965+0000] {logging_mixin.py:188} INFO - score: 108
[2024-04-15T10:42:03.965+0000] {logging_mixin.py:188} INFO - score: 111
[2024-04-15T10:42:03.966+0000] {logging_mixin.py:188} INFO - score: 110
[2024-04-15T10:42:03.966+0000] {logging_mixin.py:188} INFO - score: 112
[2024-04-15T10:42:03.966+0000] {logging_mixin.py:188} INFO - score: 110
[2024-04-15T10:42:03.967+0000] {logging_mixin.py:188} INFO - score: 110
[2024-04-15T10:42:03.967+0000] {logging_mixin.py:188} INFO - score: 107
[2024-04-15T10:42:03.968+0000] {logging_mixin.py:188} INFO - score: 108
[2024-04-15T10:42:03.968+0000] {logging_mixin.py:188} INFO - score: 108
[2024-04-15T10:42:03.969+0000] {logging_mixin.py:188} INFO - score: 111
[2024-04-15T10:42:03.969+0000] {logging_mixin.py:188} INFO - score: 112
[2024-04-15T10:42:03.969+0000] {logging_mixin.py:188} INFO - score: 111
[2024-04-15T10:42:03.970+0000] {logging_mixin.py:188} INFO - score: 110
[2024-04-15T10:42:03.970+0000] {logging_mixin.py:188} INFO - score: 111
[2024-04-15T10:42:03.970+0000] {logging_mixin.py:188} INFO - score: 111
[2024-04-15T10:42:03.971+0000] {logging_mixin.py:188} INFO - score: 109
[2024-04-15T10:42:03.971+0000] {logging_mixin.py:188} INFO - score: 106
[2024-04-15T10:42:03.971+0000] {logging_mixin.py:188} INFO - score: 108
[2024-04-15T10:42:03.972+0000] {logging_mixin.py:188} INFO - score: 108
[2024-04-15T10:42:03.972+0000] {logging_mixin.py:188} INFO - score: 106
[2024-04-15T10:42:03.972+0000] {logging_mixin.py:188} INFO - score: 109
[2024-04-15T10:42:03.973+0000] {logging_mixin.py:188} INFO - score: 110
[2024-04-15T10:42:03.973+0000] {logging_mixin.py:188} INFO - score: 110
[2024-04-15T10:42:03.974+0000] {logging_mixin.py:188} INFO - score: 110
[2024-04-15T10:42:03.974+0000] {logging_mixin.py:188} INFO - score: 110
[2024-04-15T10:42:03.974+0000] {logging_mixin.py:188} INFO - score: 106
[2024-04-15T10:42:03.975+0000] {logging_mixin.py:188} INFO - score: 106
[2024-04-15T10:42:03.975+0000] {logging_mixin.py:188} INFO - score: 105
[2024-04-15T10:42:03.975+0000] {logging_mixin.py:188} INFO - score: 106
[2024-04-15T10:42:03.976+0000] {logging_mixin.py:188} INFO - score: 104
[2024-04-15T10:42:03.976+0000] {logging_mixin.py:188} INFO - score: 103
[2024-04-15T10:42:03.976+0000] {logging_mixin.py:188} INFO - score: 105
[2024-04-15T10:42:03.977+0000] {logging_mixin.py:188} INFO - score: 109
[2024-04-15T10:42:03.977+0000] {logging_mixin.py:188} INFO - score: 107
[2024-04-15T10:42:03.977+0000] {logging_mixin.py:188} INFO - score: 106
[2024-04-15T10:42:03.978+0000] {logging_mixin.py:188} INFO - score: 107
[2024-04-15T10:42:03.978+0000] {logging_mixin.py:188} INFO - score: 106
[2024-04-15T10:42:03.979+0000] {logging_mixin.py:188} INFO - score: 104
[2024-04-15T10:42:03.979+0000] {logging_mixin.py:188} INFO - score: 102
[2024-04-15T10:42:03.979+0000] {logging_mixin.py:188} INFO - score: 103
[2024-04-15T10:42:05.649+0000] {logging_mixin.py:188} INFO - score: 104
[2024-04-15T10:42:05.650+0000] {logging_mixin.py:188} INFO - score: 103
[2024-04-15T10:42:05.651+0000] {logging_mixin.py:188} INFO - score: 103
[2024-04-15T10:42:05.652+0000] {logging_mixin.py:188} INFO - score: 104
[2024-04-15T10:42:05.653+0000] {logging_mixin.py:188} INFO - score: 104
[2024-04-15T10:42:05.653+0000] {logging_mixin.py:188} INFO - score: 107
[2024-04-15T10:42:05.657+0000] {logging_mixin.py:188} INFO - score: 105
[2024-04-15T10:42:05.662+0000] {logging_mixin.py:188} INFO - score: 105
[2024-04-15T10:42:05.662+0000] {logging_mixin.py:188} INFO - score: 105
[2024-04-15T10:42:05.665+0000] {logging_mixin.py:188} INFO - score: 102
[2024-04-15T10:42:05.666+0000] {logging_mixin.py:188} INFO - score: 101
[2024-04-15T10:42:05.666+0000] {logging_mixin.py:188} INFO - score: 102
[2024-04-15T10:42:05.667+0000] {logging_mixin.py:188} INFO - score: 101
[2024-04-15T10:42:05.667+0000] {logging_mixin.py:188} INFO - score: 102
[2024-04-15T10:42:05.668+0000] {logging_mixin.py:188} INFO - score: 101
[2024-04-15T10:42:05.668+0000] {logging_mixin.py:188} INFO - score: 99
[2024-04-15T10:42:05.668+0000] {logging_mixin.py:188} INFO - score: 102
[2024-04-15T10:42:05.669+0000] {logging_mixin.py:188} INFO - score: 102
[2024-04-15T10:42:05.669+0000] {logging_mixin.py:188} INFO - score: 102
[2024-04-15T10:42:05.670+0000] {logging_mixin.py:188} INFO - score: 101
[2024-04-15T10:42:05.670+0000] {logging_mixin.py:188} INFO - score: 102
[2024-04-15T10:42:05.671+0000] {logging_mixin.py:188} INFO - score: 103
[2024-04-15T10:42:05.671+0000] {logging_mixin.py:188} INFO - score: 99
[2024-04-15T10:42:05.672+0000] {logging_mixin.py:188} INFO - score: 104
[2024-04-15T10:42:05.672+0000] {logging_mixin.py:188} INFO - score: 103
[2024-04-15T10:42:05.672+0000] {logging_mixin.py:188} INFO - score: 102
[2024-04-15T10:42:05.673+0000] {logging_mixin.py:188} INFO - score: 102
[2024-04-15T10:42:05.674+0000] {logging_mixin.py:188} INFO - score: 101
[2024-04-15T10:42:05.674+0000] {logging_mixin.py:188} INFO - score: 101
[2024-04-15T10:42:05.675+0000] {logging_mixin.py:188} INFO - score: 104
[2024-04-15T10:42:05.675+0000] {logging_mixin.py:188} INFO - score: 102
[2024-04-15T10:42:05.676+0000] {logging_mixin.py:188} INFO - score: 100
[2024-04-15T10:42:05.676+0000] {logging_mixin.py:188} INFO - score: 100
[2024-04-15T10:42:05.677+0000] {logging_mixin.py:188} INFO - score: 99
[2024-04-15T10:42:05.677+0000] {logging_mixin.py:188} INFO - score: 102
[2024-04-15T10:42:05.677+0000] {logging_mixin.py:188} INFO - score: 98
[2024-04-15T10:42:05.678+0000] {logging_mixin.py:188} INFO - score: 100
[2024-04-15T10:42:05.678+0000] {logging_mixin.py:188} INFO - score: 99
[2024-04-15T10:42:05.679+0000] {logging_mixin.py:188} INFO - score: 101
[2024-04-15T10:42:05.679+0000] {logging_mixin.py:188} INFO - score: 101
[2024-04-15T10:42:05.680+0000] {logging_mixin.py:188} INFO - score: 98
[2024-04-15T10:42:05.680+0000] {logging_mixin.py:188} INFO - score: 100
[2024-04-15T10:42:05.681+0000] {logging_mixin.py:188} INFO - score: 97
[2024-04-15T10:42:05.681+0000] {logging_mixin.py:188} INFO - score: 97
[2024-04-15T10:42:05.682+0000] {logging_mixin.py:188} INFO - score: 103
[2024-04-15T10:42:05.682+0000] {logging_mixin.py:188} INFO - score: 97
[2024-04-15T10:42:05.682+0000] {logging_mixin.py:188} INFO - score: 100
[2024-04-15T10:42:05.683+0000] {logging_mixin.py:188} INFO - score: 98
[2024-04-15T10:42:05.683+0000] {logging_mixin.py:188} INFO - score: 97
[2024-04-15T10:42:05.684+0000] {logging_mixin.py:188} INFO - score: 98
[2024-04-15T10:42:05.684+0000] {logging_mixin.py:188} INFO - score: 98
[2024-04-15T10:42:05.685+0000] {logging_mixin.py:188} INFO - score: 96
[2024-04-15T10:42:05.685+0000] {logging_mixin.py:188} INFO - score: 99
[2024-04-15T10:42:05.685+0000] {logging_mixin.py:188} INFO - score: 98
[2024-04-15T10:42:05.686+0000] {logging_mixin.py:188} INFO - score: 98
[2024-04-15T10:42:05.686+0000] {logging_mixin.py:188} INFO - score: 95
[2024-04-15T10:42:05.687+0000] {logging_mixin.py:188} INFO - score: 97
[2024-04-15T10:42:05.687+0000] {logging_mixin.py:188} INFO - score: 97
[2024-04-15T10:42:05.688+0000] {logging_mixin.py:188} INFO - score: 99
[2024-04-15T10:42:05.688+0000] {logging_mixin.py:188} INFO - score: 97
[2024-04-15T10:42:05.688+0000] {logging_mixin.py:188} INFO - score: 95
[2024-04-15T10:42:05.689+0000] {logging_mixin.py:188} INFO - score: 96
[2024-04-15T10:42:05.689+0000] {logging_mixin.py:188} INFO - score: 97
[2024-04-15T10:42:05.690+0000] {logging_mixin.py:188} INFO - score: 94
[2024-04-15T10:42:05.690+0000] {logging_mixin.py:188} INFO - score: 98
[2024-04-15T10:42:05.691+0000] {logging_mixin.py:188} INFO - score: 95
[2024-04-15T10:42:05.691+0000] {logging_mixin.py:188} INFO - score: 95
[2024-04-15T10:42:05.691+0000] {logging_mixin.py:188} INFO - score: 96
[2024-04-15T10:42:05.692+0000] {logging_mixin.py:188} INFO - score: 94
[2024-04-15T10:42:05.692+0000] {logging_mixin.py:188} INFO - score: 95
[2024-04-15T10:42:05.692+0000] {logging_mixin.py:188} INFO - score: 95
[2024-04-15T10:42:05.693+0000] {logging_mixin.py:188} INFO - score: 97
[2024-04-15T10:42:05.693+0000] {logging_mixin.py:188} INFO - score: 98
[2024-04-15T10:42:05.694+0000] {logging_mixin.py:188} INFO - score: 97
[2024-04-15T10:42:05.694+0000] {logging_mixin.py:188} INFO - score: 93
[2024-04-15T10:42:05.694+0000] {logging_mixin.py:188} INFO - score: 95
[2024-04-15T10:42:05.695+0000] {logging_mixin.py:188} INFO - score: 96
[2024-04-15T10:42:05.695+0000] {logging_mixin.py:188} INFO - score: 96
[2024-04-15T10:42:05.696+0000] {logging_mixin.py:188} INFO - score: 95
[2024-04-15T10:42:05.696+0000] {logging_mixin.py:188} INFO - score: 92
[2024-04-15T10:42:05.696+0000] {logging_mixin.py:188} INFO - score: 95
[2024-04-15T10:42:05.697+0000] {logging_mixin.py:188} INFO - score: 96
[2024-04-15T10:42:05.697+0000] {logging_mixin.py:188} INFO - score: 94
[2024-04-15T10:42:05.697+0000] {logging_mixin.py:188} INFO - score: 96
[2024-04-15T10:42:05.698+0000] {logging_mixin.py:188} INFO - score: 93
[2024-04-15T10:42:05.698+0000] {logging_mixin.py:188} INFO - score: 98
[2024-04-15T10:42:05.699+0000] {logging_mixin.py:188} INFO - score: 94
[2024-04-15T10:42:05.699+0000] {logging_mixin.py:188} INFO - score: 93
[2024-04-15T10:42:05.699+0000] {logging_mixin.py:188} INFO - score: 94
[2024-04-15T10:42:05.700+0000] {logging_mixin.py:188} INFO - score: 97
[2024-04-15T10:42:05.700+0000] {logging_mixin.py:188} INFO - score: 95
[2024-04-15T10:42:05.701+0000] {logging_mixin.py:188} INFO - score: 95
[2024-04-15T10:42:05.701+0000] {logging_mixin.py:188} INFO - score: 93
[2024-04-15T10:42:05.701+0000] {logging_mixin.py:188} INFO - score: 92
[2024-04-15T10:42:05.702+0000] {logging_mixin.py:188} INFO - score: 91
[2024-04-15T10:42:05.702+0000] {logging_mixin.py:188} INFO - score: 95
[2024-04-15T10:42:05.703+0000] {logging_mixin.py:188} INFO - score: 94
[2024-04-15T10:42:05.703+0000] {logging_mixin.py:188} INFO - score: 92
[2024-04-15T10:42:05.703+0000] {logging_mixin.py:188} INFO - score: 94
[2024-04-15T10:42:05.704+0000] {logging_mixin.py:188} INFO - score: 95
[2024-04-15T10:42:07.194+0000] {logging_mixin.py:188} INFO - score: 95
[2024-04-15T10:42:07.194+0000] {logging_mixin.py:188} INFO - score: 91
[2024-04-15T10:42:07.195+0000] {logging_mixin.py:188} INFO - score: 93
[2024-04-15T10:42:07.195+0000] {logging_mixin.py:188} INFO - score: 94
[2024-04-15T10:42:07.196+0000] {logging_mixin.py:188} INFO - score: 90
[2024-04-15T10:42:07.196+0000] {logging_mixin.py:188} INFO - score: 90
[2024-04-15T10:42:07.196+0000] {logging_mixin.py:188} INFO - score: 96
[2024-04-15T10:42:07.197+0000] {logging_mixin.py:188} INFO - score: 92
[2024-04-15T10:42:07.197+0000] {logging_mixin.py:188} INFO - score: 92
[2024-04-15T10:42:07.197+0000] {logging_mixin.py:188} INFO - score: 95
[2024-04-15T10:42:07.198+0000] {logging_mixin.py:188} INFO - score: 91
[2024-04-15T10:42:07.198+0000] {logging_mixin.py:188} INFO - score: 90
[2024-04-15T10:42:07.198+0000] {logging_mixin.py:188} INFO - score: 94
[2024-04-15T10:42:07.199+0000] {logging_mixin.py:188} INFO - score: 90
[2024-04-15T10:42:07.199+0000] {logging_mixin.py:188} INFO - score: 93
[2024-04-15T10:42:07.199+0000] {logging_mixin.py:188} INFO - score: 89
[2024-04-15T10:42:07.200+0000] {logging_mixin.py:188} INFO - score: 89
[2024-04-15T10:42:07.200+0000] {logging_mixin.py:188} INFO - score: 90
[2024-04-15T10:42:07.200+0000] {logging_mixin.py:188} INFO - score: 92
[2024-04-15T10:42:07.201+0000] {logging_mixin.py:188} INFO - score: 92
[2024-04-15T10:42:07.201+0000] {logging_mixin.py:188} INFO - score: 91
[2024-04-15T10:42:07.201+0000] {logging_mixin.py:188} INFO - score: 92
[2024-04-15T10:42:07.202+0000] {logging_mixin.py:188} INFO - score: 88
[2024-04-15T10:42:07.202+0000] {logging_mixin.py:188} INFO - score: 91
[2024-04-15T10:42:07.203+0000] {logging_mixin.py:188} INFO - score: 90
[2024-04-15T10:42:07.203+0000] {logging_mixin.py:188} INFO - score: 88
[2024-04-15T10:42:07.203+0000] {logging_mixin.py:188} INFO - score: 89
[2024-04-15T10:42:07.204+0000] {logging_mixin.py:188} INFO - score: 90
[2024-04-15T10:42:07.204+0000] {logging_mixin.py:188} INFO - score: 94
[2024-04-15T10:42:07.204+0000] {logging_mixin.py:188} INFO - score: 89
[2024-04-15T10:42:07.205+0000] {logging_mixin.py:188} INFO - score: 91
[2024-04-15T10:42:07.205+0000] {logging_mixin.py:188} INFO - score: 92
[2024-04-15T10:42:07.205+0000] {logging_mixin.py:188} INFO - score: 94
[2024-04-15T10:42:07.206+0000] {logging_mixin.py:188} INFO - score: 91
[2024-04-15T10:42:07.206+0000] {logging_mixin.py:188} INFO - score: 87
[2024-04-15T10:42:07.206+0000] {logging_mixin.py:188} INFO - score: 91
[2024-04-15T10:42:07.207+0000] {logging_mixin.py:188} INFO - score: 90
[2024-04-15T10:42:07.207+0000] {logging_mixin.py:188} INFO - score: 89
[2024-04-15T10:42:07.207+0000] {logging_mixin.py:188} INFO - score: 90
[2024-04-15T10:42:07.207+0000] {logging_mixin.py:188} INFO - score: 89
[2024-04-15T10:42:07.208+0000] {logging_mixin.py:188} INFO - score: 86
[2024-04-15T10:42:07.208+0000] {logging_mixin.py:188} INFO - score: 89
[2024-04-15T10:42:07.208+0000] {logging_mixin.py:188} INFO - score: 91
[2024-04-15T10:42:07.209+0000] {logging_mixin.py:188} INFO - score: 89
[2024-04-15T10:42:07.209+0000] {logging_mixin.py:188} INFO - score: 89
[2024-04-15T10:42:07.210+0000] {logging_mixin.py:188} INFO - score: 89
[2024-04-15T10:42:07.210+0000] {logging_mixin.py:188} INFO - score: 89
[2024-04-15T10:42:07.210+0000] {logging_mixin.py:188} INFO - score: 87
[2024-04-15T10:42:07.211+0000] {logging_mixin.py:188} INFO - score: 93
[2024-04-15T10:42:07.211+0000] {logging_mixin.py:188} INFO - score: 89
[2024-04-15T10:42:07.211+0000] {logging_mixin.py:188} INFO - score: 90
[2024-04-15T10:42:07.212+0000] {logging_mixin.py:188} INFO - score: 89
[2024-04-15T10:42:07.212+0000] {logging_mixin.py:188} INFO - score: 89
[2024-04-15T10:42:07.212+0000] {logging_mixin.py:188} INFO - score: 88
[2024-04-15T10:42:07.213+0000] {logging_mixin.py:188} INFO - score: 85
[2024-04-15T10:42:07.213+0000] {logging_mixin.py:188} INFO - score: 88
[2024-04-15T10:42:07.213+0000] {logging_mixin.py:188} INFO - score: 88
[2024-04-15T10:42:07.214+0000] {logging_mixin.py:188} INFO - score: 87
[2024-04-15T10:42:07.214+0000] {logging_mixin.py:188} INFO - score: 89
[2024-04-15T10:42:07.214+0000] {logging_mixin.py:188} INFO - score: 89
[2024-04-15T10:42:07.215+0000] {logging_mixin.py:188} INFO - score: 88
[2024-04-15T10:42:07.215+0000] {logging_mixin.py:188} INFO - score: 86
[2024-04-15T10:42:07.215+0000] {logging_mixin.py:188} INFO - score: 90
[2024-04-15T10:42:07.216+0000] {logging_mixin.py:188} INFO - score: 88
[2024-04-15T10:42:07.216+0000] {logging_mixin.py:188} INFO - score: 87
[2024-04-15T10:42:07.216+0000] {logging_mixin.py:188} INFO - score: 88
[2024-04-15T10:42:07.217+0000] {logging_mixin.py:188} INFO - score: 88
[2024-04-15T10:42:07.217+0000] {logging_mixin.py:188} INFO - score: 87
[2024-04-15T10:42:07.217+0000] {logging_mixin.py:188} INFO - score: 88
[2024-04-15T10:42:07.218+0000] {logging_mixin.py:188} INFO - score: 89
[2024-04-15T10:42:07.218+0000] {logging_mixin.py:188} INFO - score: 86
[2024-04-15T10:42:07.218+0000] {logging_mixin.py:188} INFO - score: 89
[2024-04-15T10:42:07.219+0000] {logging_mixin.py:188} INFO - score: 87
[2024-04-15T10:42:07.219+0000] {logging_mixin.py:188} INFO - score: 88
[2024-04-15T10:42:07.219+0000] {logging_mixin.py:188} INFO - score: 84
[2024-04-15T10:42:07.220+0000] {logging_mixin.py:188} INFO - score: 84
[2024-04-15T10:42:07.220+0000] {logging_mixin.py:188} INFO - score: 85
[2024-04-15T10:42:07.220+0000] {logging_mixin.py:188} INFO - score: 86
[2024-04-15T10:42:07.221+0000] {logging_mixin.py:188} INFO - score: 90
[2024-04-15T10:42:07.221+0000] {logging_mixin.py:188} INFO - score: 86
[2024-04-15T10:42:07.222+0000] {logging_mixin.py:188} INFO - score: 87
[2024-04-15T10:42:07.222+0000] {logging_mixin.py:188} INFO - score: 85
[2024-04-15T10:42:07.222+0000] {logging_mixin.py:188} INFO - score: 87
[2024-04-15T10:42:07.223+0000] {logging_mixin.py:188} INFO - score: 87
[2024-04-15T10:42:07.223+0000] {logging_mixin.py:188} INFO - score: 87
[2024-04-15T10:42:07.223+0000] {logging_mixin.py:188} INFO - score: 84
[2024-04-15T10:42:07.224+0000] {logging_mixin.py:188} INFO - score: 85
[2024-04-15T10:42:07.224+0000] {logging_mixin.py:188} INFO - score: 84
[2024-04-15T10:42:07.224+0000] {logging_mixin.py:188} INFO - score: 85
[2024-04-15T10:42:07.225+0000] {logging_mixin.py:188} INFO - score: 88
[2024-04-15T10:42:07.225+0000] {logging_mixin.py:188} INFO - score: 82
[2024-04-15T10:42:07.225+0000] {logging_mixin.py:188} INFO - score: 88
[2024-04-15T10:42:07.226+0000] {logging_mixin.py:188} INFO - score: 84
[2024-04-15T10:42:07.226+0000] {logging_mixin.py:188} INFO - score: 87
[2024-04-15T10:42:07.226+0000] {logging_mixin.py:188} INFO - score: 87
[2024-04-15T10:42:07.227+0000] {logging_mixin.py:188} INFO - score: 84
[2024-04-15T10:42:07.227+0000] {logging_mixin.py:188} INFO - score: 88
[2024-04-15T10:42:07.227+0000] {logging_mixin.py:188} INFO - score: 85
[2024-04-15T10:42:07.228+0000] {logging_mixin.py:188} INFO - score: 83
[2024-04-15T10:42:07.228+0000] {logging_mixin.py:188} INFO - score: 87
[2024-04-15T10:42:08.724+0000] {logging_mixin.py:188} INFO - score: 86
[2024-04-15T10:42:08.725+0000] {logging_mixin.py:188} INFO - score: 85
[2024-04-15T10:42:08.725+0000] {logging_mixin.py:188} INFO - score: 84
[2024-04-15T10:42:08.726+0000] {logging_mixin.py:188} INFO - score: 85
[2024-04-15T10:42:08.726+0000] {logging_mixin.py:188} INFO - score: 82
[2024-04-15T10:42:08.726+0000] {logging_mixin.py:188} INFO - score: 86
[2024-04-15T10:42:08.727+0000] {logging_mixin.py:188} INFO - score: 85
[2024-04-15T10:42:08.727+0000] {logging_mixin.py:188} INFO - score: 87
[2024-04-15T10:42:08.728+0000] {logging_mixin.py:188} INFO - score: 85
[2024-04-15T10:42:08.728+0000] {logging_mixin.py:188} INFO - score: 89
[2024-04-15T10:42:08.729+0000] {logging_mixin.py:188} INFO - score: 85
[2024-04-15T10:42:08.729+0000] {logging_mixin.py:188} INFO - score: 87
[2024-04-15T10:42:08.729+0000] {logging_mixin.py:188} INFO - score: 87
[2024-04-15T10:42:08.730+0000] {logging_mixin.py:188} INFO - score: 87
[2024-04-15T10:42:08.730+0000] {logging_mixin.py:188} INFO - score: 84
[2024-04-15T10:42:08.731+0000] {logging_mixin.py:188} INFO - score: 86
[2024-04-15T10:42:08.731+0000] {logging_mixin.py:188} INFO - score: 84
[2024-04-15T10:42:08.731+0000] {logging_mixin.py:188} INFO - score: 80
[2024-04-15T10:42:08.732+0000] {logging_mixin.py:188} INFO - score: 86
[2024-04-15T10:42:08.732+0000] {logging_mixin.py:188} INFO - score: 82
[2024-04-15T10:42:08.732+0000] {logging_mixin.py:188} INFO - score: 86
[2024-04-15T10:42:08.733+0000] {logging_mixin.py:188} INFO - score: 82
[2024-04-15T10:42:08.733+0000] {logging_mixin.py:188} INFO - score: 82
[2024-04-15T10:42:08.733+0000] {logging_mixin.py:188} INFO - score: 84
[2024-04-15T10:42:08.734+0000] {logging_mixin.py:188} INFO - score: 81
[2024-04-15T10:42:08.734+0000] {logging_mixin.py:188} INFO - score: 85
[2024-04-15T10:42:08.735+0000] {logging_mixin.py:188} INFO - score: 83
[2024-04-15T10:42:08.735+0000] {logging_mixin.py:188} INFO - score: 83
[2024-04-15T10:42:08.736+0000] {logging_mixin.py:188} INFO - score: 81
[2024-04-15T10:42:08.736+0000] {logging_mixin.py:188} INFO - score: 83
[2024-04-15T10:42:08.737+0000] {logging_mixin.py:188} INFO - score: 83
[2024-04-15T10:42:08.737+0000] {logging_mixin.py:188} INFO - score: 83
[2024-04-15T10:42:08.738+0000] {logging_mixin.py:188} INFO - score: 82
[2024-04-15T10:42:08.738+0000] {logging_mixin.py:188} INFO - score: 85
[2024-04-15T10:42:08.738+0000] {logging_mixin.py:188} INFO - score: 85
[2024-04-15T10:42:08.739+0000] {logging_mixin.py:188} INFO - score: 81
[2024-04-15T10:42:08.739+0000] {logging_mixin.py:188} INFO - score: 85
[2024-04-15T10:42:08.739+0000] {logging_mixin.py:188} INFO - score: 82
[2024-04-15T10:42:08.740+0000] {logging_mixin.py:188} INFO - score: 85
[2024-04-15T10:42:08.740+0000] {logging_mixin.py:188} INFO - score: 85
[2024-04-15T10:42:08.740+0000] {logging_mixin.py:188} INFO - score: 86
[2024-04-15T10:42:08.741+0000] {logging_mixin.py:188} INFO - score: 82
[2024-04-15T10:42:08.741+0000] {logging_mixin.py:188} INFO - score: 83
[2024-04-15T10:42:08.741+0000] {logging_mixin.py:188} INFO - score: 80
[2024-04-15T10:42:08.742+0000] {logging_mixin.py:188} INFO - score: 83
[2024-04-15T10:42:08.742+0000] {logging_mixin.py:188} INFO - score: 80
[2024-04-15T10:42:08.742+0000] {logging_mixin.py:188} INFO - score: 80
[2024-04-15T10:42:08.743+0000] {logging_mixin.py:188} INFO - score: 85
[2024-04-15T10:42:08.743+0000] {logging_mixin.py:188} INFO - score: 80
[2024-04-15T10:42:08.743+0000] {logging_mixin.py:188} INFO - score: 84
[2024-04-15T10:42:08.744+0000] {logging_mixin.py:188} INFO - score: 83
[2024-04-15T10:42:08.744+0000] {logging_mixin.py:188} INFO - score: 80
[2024-04-15T10:42:08.744+0000] {logging_mixin.py:188} INFO - score: 80
[2024-04-15T10:42:08.745+0000] {logging_mixin.py:188} INFO - score: 79
[2024-04-15T10:42:08.745+0000] {logging_mixin.py:188} INFO - score: 82
[2024-04-15T10:42:08.745+0000] {logging_mixin.py:188} INFO - score: 82
[2024-04-15T10:42:08.746+0000] {logging_mixin.py:188} INFO - score: 79
[2024-04-15T10:42:08.746+0000] {logging_mixin.py:188} INFO - score: 84
[2024-04-15T10:42:08.746+0000] {logging_mixin.py:188} INFO - score: 85
[2024-04-15T10:42:08.747+0000] {logging_mixin.py:188} INFO - score: 82
[2024-04-15T10:42:08.747+0000] {logging_mixin.py:188} INFO - score: 84
[2024-04-15T10:42:08.747+0000] {logging_mixin.py:188} INFO - score: 80
[2024-04-15T10:42:08.748+0000] {logging_mixin.py:188} INFO - score: 81
[2024-04-15T10:42:08.748+0000] {logging_mixin.py:188} INFO - score: 81
[2024-04-15T10:42:08.748+0000] {logging_mixin.py:188} INFO - score: 80
[2024-04-15T10:42:08.749+0000] {logging_mixin.py:188} INFO - score: 82
[2024-04-15T10:42:08.749+0000] {logging_mixin.py:188} INFO - score: 78
[2024-04-15T10:42:08.749+0000] {logging_mixin.py:188} INFO - score: 79
[2024-04-15T10:42:08.750+0000] {logging_mixin.py:188} INFO - score: 79
[2024-04-15T10:42:08.750+0000] {logging_mixin.py:188} INFO - score: 80
[2024-04-15T10:42:08.750+0000] {logging_mixin.py:188} INFO - score: 82
[2024-04-15T10:42:08.751+0000] {logging_mixin.py:188} INFO - score: 81
[2024-04-15T10:42:08.751+0000] {logging_mixin.py:188} INFO - score: 81
[2024-04-15T10:42:08.752+0000] {logging_mixin.py:188} INFO - score: 80
[2024-04-15T10:42:08.752+0000] {logging_mixin.py:188} INFO - score: 78
[2024-04-15T10:42:08.752+0000] {logging_mixin.py:188} INFO - score: 79
[2024-04-15T10:42:08.753+0000] {logging_mixin.py:188} INFO - score: 81
[2024-04-15T10:42:08.753+0000] {logging_mixin.py:188} INFO - score: 79
[2024-04-15T10:42:08.753+0000] {logging_mixin.py:188} INFO - score: 80
[2024-04-15T10:42:08.754+0000] {logging_mixin.py:188} INFO - score: 78
[2024-04-15T10:42:08.754+0000] {logging_mixin.py:188} INFO - score: 83
[2024-04-15T10:42:08.754+0000] {logging_mixin.py:188} INFO - score: 79
[2024-04-15T10:42:08.755+0000] {logging_mixin.py:188} INFO - score: 78
[2024-04-15T10:42:08.755+0000] {logging_mixin.py:188} INFO - score: 78
[2024-04-15T10:42:08.755+0000] {logging_mixin.py:188} INFO - score: 82
[2024-04-15T10:42:08.756+0000] {logging_mixin.py:188} INFO - score: 77
[2024-04-15T10:42:08.756+0000] {logging_mixin.py:188} INFO - score: 79
[2024-04-15T10:42:08.756+0000] {logging_mixin.py:188} INFO - score: 84
[2024-04-15T10:42:08.757+0000] {logging_mixin.py:188} INFO - score: 82
[2024-04-15T10:42:08.757+0000] {logging_mixin.py:188} INFO - score: 83
[2024-04-15T10:42:08.757+0000] {logging_mixin.py:188} INFO - score: 80
[2024-04-15T10:42:08.758+0000] {logging_mixin.py:188} INFO - score: 80
[2024-04-15T10:42:08.758+0000] {logging_mixin.py:188} INFO - score: 80
[2024-04-15T10:42:08.758+0000] {logging_mixin.py:188} INFO - score: 80
[2024-04-15T10:42:08.759+0000] {logging_mixin.py:188} INFO - score: 79
[2024-04-15T10:42:08.759+0000] {logging_mixin.py:188} INFO - score: 79
[2024-04-15T10:42:08.759+0000] {logging_mixin.py:188} INFO - score: 80
[2024-04-15T10:42:08.760+0000] {logging_mixin.py:188} INFO - score: 80
[2024-04-15T10:42:08.760+0000] {logging_mixin.py:188} INFO - score: 79
[2024-04-15T10:42:08.760+0000] {logging_mixin.py:188} INFO - score: 79
[2024-04-15T10:42:10.239+0000] {logging_mixin.py:188} INFO - score: 79
[2024-04-15T10:42:10.240+0000] {logging_mixin.py:188} INFO - score: 79
[2024-04-15T10:42:10.240+0000] {logging_mixin.py:188} INFO - score: 80
[2024-04-15T10:42:10.240+0000] {logging_mixin.py:188} INFO - score: 77
[2024-04-15T10:42:10.241+0000] {logging_mixin.py:188} INFO - score: 80
[2024-04-15T10:42:10.241+0000] {logging_mixin.py:188} INFO - score: 80
[2024-04-15T10:42:10.241+0000] {logging_mixin.py:188} INFO - score: 79
[2024-04-15T10:42:10.242+0000] {logging_mixin.py:188} INFO - score: 81
[2024-04-15T10:42:10.242+0000] {logging_mixin.py:188} INFO - score: 77
[2024-04-15T10:42:10.242+0000] {logging_mixin.py:188} INFO - score: 77
[2024-04-15T10:42:10.243+0000] {logging_mixin.py:188} INFO - score: 76
[2024-04-15T10:42:10.243+0000] {logging_mixin.py:188} INFO - score: 78
[2024-04-15T10:42:10.244+0000] {logging_mixin.py:188} INFO - score: 79
[2024-04-15T10:42:10.244+0000] {logging_mixin.py:188} INFO - score: 78
[2024-04-15T10:42:10.244+0000] {logging_mixin.py:188} INFO - score: 76
[2024-04-15T10:42:10.245+0000] {logging_mixin.py:188} INFO - score: 79
[2024-04-15T10:42:10.245+0000] {logging_mixin.py:188} INFO - score: 82
[2024-04-15T10:42:10.245+0000] {logging_mixin.py:188} INFO - score: 78
[2024-04-15T10:42:10.246+0000] {logging_mixin.py:188} INFO - score: 79
[2024-04-15T10:42:10.246+0000] {logging_mixin.py:188} INFO - score: 79
[2024-04-15T10:42:10.247+0000] {logging_mixin.py:188} INFO - score: 79
[2024-04-15T10:42:10.247+0000] {logging_mixin.py:188} INFO - score: 77
[2024-04-15T10:42:10.247+0000] {logging_mixin.py:188} INFO - score: 78
[2024-04-15T10:42:10.248+0000] {logging_mixin.py:188} INFO - score: 80
[2024-04-15T10:42:10.248+0000] {logging_mixin.py:188} INFO - score: 75
[2024-04-15T10:42:10.248+0000] {logging_mixin.py:188} INFO - score: 76
[2024-04-15T10:42:10.249+0000] {logging_mixin.py:188} INFO - score: 77
[2024-04-15T10:42:10.249+0000] {logging_mixin.py:188} INFO - score: 78
[2024-04-15T10:42:10.249+0000] {logging_mixin.py:188} INFO - score: 77
[2024-04-15T10:42:10.250+0000] {logging_mixin.py:188} INFO - score: 79
[2024-04-15T10:42:10.250+0000] {logging_mixin.py:188} INFO - score: 77
[2024-04-15T10:42:10.250+0000] {logging_mixin.py:188} INFO - score: 78
[2024-04-15T10:42:10.251+0000] {logging_mixin.py:188} INFO - score: 75
[2024-04-15T10:42:10.251+0000] {logging_mixin.py:188} INFO - score: 77
[2024-04-15T10:42:10.251+0000] {logging_mixin.py:188} INFO - score: 76
[2024-04-15T10:42:10.252+0000] {logging_mixin.py:188} INFO - score: 77
[2024-04-15T10:42:10.252+0000] {logging_mixin.py:188} INFO - score: 78
[2024-04-15T10:42:10.252+0000] {logging_mixin.py:188} INFO - score: 74
[2024-04-15T10:42:10.253+0000] {logging_mixin.py:188} INFO - score: 78
[2024-04-15T10:42:10.253+0000] {logging_mixin.py:188} INFO - score: 74
[2024-04-15T10:42:10.253+0000] {logging_mixin.py:188} INFO - score: 76
[2024-04-15T10:42:10.254+0000] {logging_mixin.py:188} INFO - score: 75
[2024-04-15T10:42:10.254+0000] {logging_mixin.py:188} INFO - score: 78
[2024-04-15T10:42:10.255+0000] {logging_mixin.py:188} INFO - score: 77
[2024-04-15T10:42:10.255+0000] {logging_mixin.py:188} INFO - score: 80
[2024-04-15T10:42:10.255+0000] {logging_mixin.py:188} INFO - score: 79
[2024-04-15T10:42:10.256+0000] {logging_mixin.py:188} INFO - score: 77
[2024-04-15T10:42:10.256+0000] {logging_mixin.py:188} INFO - score: 73
[2024-04-15T10:42:10.256+0000] {logging_mixin.py:188} INFO - score: 76
[2024-04-15T10:42:10.257+0000] {logging_mixin.py:188} INFO - score: 76
[2024-04-15T10:42:10.257+0000] {logging_mixin.py:188} INFO - score: 80
[2024-04-15T10:42:10.257+0000] {logging_mixin.py:188} INFO - score: 75
[2024-04-15T10:42:10.257+0000] {logging_mixin.py:188} INFO - score: 77
[2024-04-15T10:42:10.258+0000] {logging_mixin.py:188} INFO - score: 74
[2024-04-15T10:42:10.258+0000] {logging_mixin.py:188} INFO - score: 76
[2024-04-15T10:42:10.258+0000] {logging_mixin.py:188} INFO - score: 75
[2024-04-15T10:42:10.259+0000] {logging_mixin.py:188} INFO - score: 76
[2024-04-15T10:42:10.259+0000] {logging_mixin.py:188} INFO - score: 78
[2024-04-15T10:42:10.260+0000] {logging_mixin.py:188} INFO - score: 77
[2024-04-15T10:42:10.260+0000] {logging_mixin.py:188} INFO - score: 73
[2024-04-15T10:42:10.260+0000] {logging_mixin.py:188} INFO - score: 72
[2024-04-15T10:42:10.260+0000] {logging_mixin.py:188} INFO - score: 77
[2024-04-15T10:42:10.261+0000] {logging_mixin.py:188} INFO - score: 77
[2024-04-15T10:42:10.261+0000] {logging_mixin.py:188} INFO - score: 72
[2024-04-15T10:42:10.262+0000] {logging_mixin.py:188} INFO - score: 77
[2024-04-15T10:42:10.262+0000] {logging_mixin.py:188} INFO - score: 73
[2024-04-15T10:42:10.262+0000] {logging_mixin.py:188} INFO - score: 72
[2024-04-15T10:42:10.263+0000] {logging_mixin.py:188} INFO - score: 76
[2024-04-15T10:42:10.263+0000] {logging_mixin.py:188} INFO - score: 74
[2024-04-15T10:42:10.263+0000] {logging_mixin.py:188} INFO - score: 75
[2024-04-15T10:42:10.263+0000] {logging_mixin.py:188} INFO - score: 73
[2024-04-15T10:42:10.264+0000] {logging_mixin.py:188} INFO - score: 74
[2024-04-15T10:42:10.264+0000] {logging_mixin.py:188} INFO - score: 74
[2024-04-15T10:42:10.265+0000] {logging_mixin.py:188} INFO - score: 74
[2024-04-15T10:42:10.265+0000] {logging_mixin.py:188} INFO - score: 74
[2024-04-15T10:42:10.265+0000] {logging_mixin.py:188} INFO - score: 78
[2024-04-15T10:42:10.265+0000] {logging_mixin.py:188} INFO - score: 76
[2024-04-15T10:42:10.266+0000] {logging_mixin.py:188} INFO - score: 76
[2024-04-15T10:42:10.266+0000] {logging_mixin.py:188} INFO - score: 75
[2024-04-15T10:42:10.267+0000] {logging_mixin.py:188} INFO - score: 78
[2024-04-15T10:42:10.267+0000] {logging_mixin.py:188} INFO - score: 75
[2024-04-15T10:42:10.267+0000] {logging_mixin.py:188} INFO - score: 75
[2024-04-15T10:42:10.268+0000] {logging_mixin.py:188} INFO - score: 76
[2024-04-15T10:42:10.268+0000] {logging_mixin.py:188} INFO - score: 72
[2024-04-15T10:42:10.268+0000] {logging_mixin.py:188} INFO - score: 72
[2024-04-15T10:42:10.269+0000] {logging_mixin.py:188} INFO - score: 74
[2024-04-15T10:42:10.269+0000] {logging_mixin.py:188} INFO - score: 75
[2024-04-15T10:42:10.269+0000] {logging_mixin.py:188} INFO - score: 75
[2024-04-15T10:42:10.270+0000] {logging_mixin.py:188} INFO - score: 74
[2024-04-15T10:42:10.270+0000] {logging_mixin.py:188} INFO - score: 71
[2024-04-15T10:42:10.270+0000] {logging_mixin.py:188} INFO - score: 74
[2024-04-15T10:42:10.271+0000] {logging_mixin.py:188} INFO - score: 73
[2024-04-15T10:42:10.271+0000] {logging_mixin.py:188} INFO - score: 71
[2024-04-15T10:42:10.271+0000] {logging_mixin.py:188} INFO - score: 72
[2024-04-15T10:42:10.272+0000] {logging_mixin.py:188} INFO - score: 71
[2024-04-15T10:42:10.272+0000] {logging_mixin.py:188} INFO - score: 73
[2024-04-15T10:42:10.272+0000] {logging_mixin.py:188} INFO - score: 74
[2024-04-15T10:42:10.273+0000] {logging_mixin.py:188} INFO - score: 74
[2024-04-15T10:42:10.273+0000] {logging_mixin.py:188} INFO - score: 73
[2024-04-15T10:42:10.273+0000] {logging_mixin.py:188} INFO - score: 72
[2024-04-15T10:42:11.581+0000] {logging_mixin.py:188} INFO - score: 74
[2024-04-15T10:42:11.582+0000] {logging_mixin.py:188} INFO - score: 76
[2024-04-15T10:42:11.582+0000] {logging_mixin.py:188} INFO - score: 74
[2024-04-15T10:42:11.582+0000] {logging_mixin.py:188} INFO - score: 75
[2024-04-15T10:42:11.583+0000] {logging_mixin.py:188} INFO - score: 73
[2024-04-15T10:42:11.583+0000] {logging_mixin.py:188} INFO - score: 74
[2024-04-15T10:42:11.583+0000] {logging_mixin.py:188} INFO - score: 71
[2024-04-15T10:42:11.584+0000] {logging_mixin.py:188} INFO - score: 77
[2024-04-15T10:42:11.584+0000] {logging_mixin.py:188} INFO - score: 72
[2024-04-15T10:42:11.584+0000] {logging_mixin.py:188} INFO - score: 73
[2024-04-15T10:42:11.585+0000] {logging_mixin.py:188} INFO - score: 75
[2024-04-15T10:42:11.585+0000] {logging_mixin.py:188} INFO - score: 73
[2024-04-15T10:42:11.586+0000] {logging_mixin.py:188} INFO - score: 74
[2024-04-15T10:42:11.586+0000] {logging_mixin.py:188} INFO - score: 72
[2024-04-15T10:42:11.587+0000] {logging_mixin.py:188} INFO - score: 73
[2024-04-15T10:42:11.587+0000] {logging_mixin.py:188} INFO - score: 73
[2024-04-15T10:42:11.587+0000] {logging_mixin.py:188} INFO - score: 72
[2024-04-15T10:42:11.587+0000] {logging_mixin.py:188} INFO - score: 72
[2024-04-15T10:42:11.588+0000] {logging_mixin.py:188} INFO - score: 73
[2024-04-15T10:42:11.588+0000] {logging_mixin.py:188} INFO - score: 70
[2024-04-15T10:42:11.589+0000] {logging_mixin.py:188} INFO - score: 71
[2024-04-15T10:42:11.589+0000] {logging_mixin.py:188} INFO - score: 72
[2024-04-15T10:42:11.589+0000] {logging_mixin.py:188} INFO - score: 71
[2024-04-15T10:42:11.590+0000] {logging_mixin.py:188} INFO - score: 70
[2024-04-15T10:42:11.590+0000] {logging_mixin.py:188} INFO - score: 70
[2024-04-15T10:42:11.590+0000] {logging_mixin.py:188} INFO - score: 71
[2024-04-15T10:42:11.591+0000] {logging_mixin.py:188} INFO - score: 72
[2024-04-15T10:42:11.591+0000] {logging_mixin.py:188} INFO - score: 75
[2024-04-15T10:42:11.591+0000] {logging_mixin.py:188} INFO - score: 72
[2024-04-15T10:42:11.592+0000] {logging_mixin.py:188} INFO - score: 72
[2024-04-15T10:42:11.592+0000] {logging_mixin.py:188} INFO - score: 76
[2024-04-15T10:42:11.592+0000] {logging_mixin.py:188} INFO - score: 72
[2024-04-15T10:42:11.593+0000] {logging_mixin.py:188} INFO - score: 74
[2024-04-15T10:42:11.593+0000] {logging_mixin.py:188} INFO - score: 72
[2024-04-15T10:42:11.593+0000] {logging_mixin.py:188} INFO - score: 70
[2024-04-15T10:42:11.594+0000] {logging_mixin.py:188} INFO - score: 71
[2024-04-15T10:42:11.594+0000] {logging_mixin.py:188} INFO - score: 71
[2024-04-15T10:42:11.594+0000] {logging_mixin.py:188} INFO - score: 73
[2024-04-15T10:42:11.595+0000] {logging_mixin.py:188} INFO - score: 70
[2024-04-15T10:42:11.595+0000] {logging_mixin.py:188} INFO - score: 71
[2024-04-15T10:42:11.595+0000] {logging_mixin.py:188} INFO - score: 74
[2024-04-15T10:42:11.595+0000] {logging_mixin.py:188} INFO - score: 71
[2024-04-15T10:42:11.596+0000] {logging_mixin.py:188} INFO - score: 71
[2024-04-15T10:42:11.596+0000] {logging_mixin.py:188} INFO - score: 73
[2024-04-15T10:42:11.596+0000] {logging_mixin.py:188} INFO - score: 70
[2024-04-15T10:42:11.597+0000] {logging_mixin.py:188} INFO - score: 74
[2024-04-15T10:42:11.597+0000] {logging_mixin.py:188} INFO - score: 73
[2024-04-15T10:42:11.597+0000] {logging_mixin.py:188} INFO - score: 69
[2024-04-15T10:42:11.598+0000] {logging_mixin.py:188} INFO - score: 73
[2024-04-15T10:42:11.598+0000] {logging_mixin.py:188} INFO - score: 71
[2024-04-15T10:42:11.598+0000] {logging_mixin.py:188} INFO - score: 75
[2024-04-15T10:42:11.599+0000] {logging_mixin.py:188} INFO - score: 73
[2024-04-15T10:42:11.599+0000] {logging_mixin.py:188} INFO - score: 70
[2024-04-15T10:42:11.599+0000] {logging_mixin.py:188} INFO - score: 70
[2024-04-15T10:42:11.600+0000] {logging_mixin.py:188} INFO - score: 69
[2024-04-15T10:42:11.600+0000] {logging_mixin.py:188} INFO - score: 70
[2024-04-15T10:42:11.600+0000] {logging_mixin.py:188} INFO - score: 69
[2024-04-15T10:42:11.600+0000] {logging_mixin.py:188} INFO - score: 71
[2024-04-15T10:42:11.601+0000] {logging_mixin.py:188} INFO - score: 67
[2024-04-15T10:42:11.601+0000] {logging_mixin.py:188} INFO - score: 71
[2024-04-15T10:42:11.601+0000] {logging_mixin.py:188} INFO - score: 72
[2024-04-15T10:42:11.602+0000] {logging_mixin.py:188} INFO - score: 69
[2024-04-15T10:42:11.602+0000] {logging_mixin.py:188} INFO - score: 69
[2024-04-15T10:42:11.602+0000] {logging_mixin.py:188} INFO - score: 66
[2024-04-15T10:42:11.603+0000] {logging_mixin.py:188} INFO - score: 68
[2024-04-15T10:42:11.603+0000] {logging_mixin.py:188} INFO - score: 70
[2024-04-15T10:42:11.603+0000] {logging_mixin.py:188} INFO - score: 70
[2024-04-15T10:42:11.604+0000] {logging_mixin.py:188} INFO - score: 68
[2024-04-15T10:42:11.604+0000] {logging_mixin.py:188} INFO - score: 71
[2024-04-15T10:42:11.604+0000] {logging_mixin.py:188} INFO - score: 73
[2024-04-15T10:42:11.605+0000] {logging_mixin.py:188} INFO - score: 70
[2024-04-15T10:42:11.605+0000] {logging_mixin.py:188} INFO - score: 71
[2024-04-15T10:42:11.605+0000] {logging_mixin.py:188} INFO - score: 70
[2024-04-15T10:42:11.605+0000] {logging_mixin.py:188} INFO - score: 70
[2024-04-15T10:42:11.606+0000] {logging_mixin.py:188} INFO - score: 70
[2024-04-15T10:42:11.606+0000] {logging_mixin.py:188} INFO - score: 68
[2024-04-15T10:42:11.606+0000] {logging_mixin.py:188} INFO - score: 70
[2024-04-15T10:42:11.607+0000] {logging_mixin.py:188} INFO - score: 68
[2024-04-15T10:42:11.607+0000] {logging_mixin.py:188} INFO - score: 72
[2024-04-15T10:42:11.607+0000] {logging_mixin.py:188} INFO - score: 70
[2024-04-15T10:42:11.608+0000] {logging_mixin.py:188} INFO - score: 68
[2024-04-15T10:42:11.608+0000] {logging_mixin.py:188} INFO - score: 67
[2024-04-15T10:42:11.608+0000] {logging_mixin.py:188} INFO - score: 71
[2024-04-15T10:42:11.609+0000] {logging_mixin.py:188} INFO - score: 70
[2024-04-15T10:42:11.610+0000] {logging_mixin.py:188} INFO - score: 69
[2024-04-15T10:42:11.610+0000] {logging_mixin.py:188} INFO - score: 71
[2024-04-15T10:42:11.611+0000] {logging_mixin.py:188} INFO - score: 68
[2024-04-15T10:42:11.611+0000] {logging_mixin.py:188} INFO - score: 70
[2024-04-15T10:42:11.611+0000] {logging_mixin.py:188} INFO - score: 66
[2024-04-15T10:42:11.612+0000] {logging_mixin.py:188} INFO - score: 68
[2024-04-15T10:42:11.612+0000] {logging_mixin.py:188} INFO - score: 67
[2024-04-15T10:42:11.612+0000] {logging_mixin.py:188} INFO - score: 67
[2024-04-15T10:42:11.613+0000] {logging_mixin.py:188} INFO - score: 68
[2024-04-15T10:42:11.613+0000] {logging_mixin.py:188} INFO - score: 71
[2024-04-15T10:42:11.613+0000] {logging_mixin.py:188} INFO - score: 68
[2024-04-15T10:42:11.614+0000] {logging_mixin.py:188} INFO - score: 70
[2024-04-15T10:42:11.614+0000] {logging_mixin.py:188} INFO - score: 68
[2024-04-15T10:42:11.614+0000] {logging_mixin.py:188} INFO - score: 70
[2024-04-15T10:42:11.615+0000] {logging_mixin.py:188} INFO - score: 67
[2024-04-15T10:42:11.625+0000] {python.py:201} INFO - Done. Returned value was: None
[2024-04-15T10:42:11.632+0000] {taskinstance.py:1138} INFO - Marking task as SUCCESS. dag_id=reddit_api_dag, task_id=get_reddit_data, execution_date=20240415T103742, start_date=20240415T104154, end_date=20240415T104211
[2024-04-15T10:42:11.671+0000] {local_task_job_runner.py:234} INFO - Task exited with return code 0
[2024-04-15T10:42:11.685+0000] {taskinstance.py:3281} INFO - 0 downstream tasks scheduled from follow-on schedule check
